L 1 "src\lucida_20x31.c"
N#include <stdint.h>
L 1 "C:\Keil_v5\ARM\ARMCC\Bin\..\include\stdint.h" 1
N/* Copyright (C) ARM Ltd., 1999,2014 */
N/* All rights reserved */
N
N/*
N * RCS $Revision: 185525 $
N * Checkin $Date: 2014-05-29 12:44:48 +0100 (Thu, 29 May 2014) $
N * Revising $Author: agrant $
N */
N
N#ifndef __stdint_h
N#define __stdint_h
N#define __ARMCLIB_VERSION 5050106
N
N  #ifdef __INT64_TYPE__
S    /* armclang predefines '__INT64_TYPE__' and '__INT64_C_SUFFIX__' */
S    #define __INT64 __INT64_TYPE__
N  #else
N    /* armcc has builtin '__int64' which can be used in --strict mode */
N    #define __INT64 __int64
N    #define __INT64_C_SUFFIX__ ll
N  #endif
N  #define __PASTE2(x, y) x ## y
N  #define __PASTE(x, y) __PASTE2(x, y)
N  #define __INT64_C(x)  __ESCAPE__(__PASTE(x, __INT64_C_SUFFIX__))
N  #define __UINT64_C(x)  __ESCAPE__(__PASTE(x ## u, __INT64_C_SUFFIX__))
N  #if defined(__clang__) || (defined(__ARMCC_VERSION) && !defined(__STRICT_ANSI__))
X  #if 0L || (1L && !0L)
N    /* armclang and non-strict armcc allow 'long long' in system headers */
N    #define __LONGLONG long long
N  #else
S    /* strict armcc has '__int64' */
S    #define __LONGLONG __int64
N  #endif
N
N  #ifndef __STDINT_DECLS
N  #define __STDINT_DECLS
N
N    #undef __CLIBNS
N
N    #ifdef __cplusplus
S      namespace std {
S          #define __CLIBNS std::
S          extern "C" {
N    #else
N      #define __CLIBNS
N    #endif  /* __cplusplus */
N
N
N/*
N * 'signed' is redundant below, except for 'signed char' and if
N * the typedef is used to declare a bitfield.
N */
N
N    /* 7.18.1.1 */
N
N    /* exact-width signed integer types */
Ntypedef   signed          char int8_t;
Ntypedef   signed short     int int16_t;
Ntypedef   signed           int int32_t;
Ntypedef   signed       __INT64 int64_t;
Xtypedef   signed       __int64 int64_t;
N
N    /* exact-width unsigned integer types */
Ntypedef unsigned          char uint8_t;
Ntypedef unsigned short     int uint16_t;
Ntypedef unsigned           int uint32_t;
Ntypedef unsigned       __INT64 uint64_t;
Xtypedef unsigned       __int64 uint64_t;
N
N    /* 7.18.1.2 */
N
N    /* smallest type of at least n bits */
N    /* minimum-width signed integer types */
Ntypedef   signed          char int_least8_t;
Ntypedef   signed short     int int_least16_t;
Ntypedef   signed           int int_least32_t;
Ntypedef   signed       __INT64 int_least64_t;
Xtypedef   signed       __int64 int_least64_t;
N
N    /* minimum-width unsigned integer types */
Ntypedef unsigned          char uint_least8_t;
Ntypedef unsigned short     int uint_least16_t;
Ntypedef unsigned           int uint_least32_t;
Ntypedef unsigned       __INT64 uint_least64_t;
Xtypedef unsigned       __int64 uint_least64_t;
N
N    /* 7.18.1.3 */
N
N    /* fastest minimum-width signed integer types */
Ntypedef   signed           int int_fast8_t;
Ntypedef   signed           int int_fast16_t;
Ntypedef   signed           int int_fast32_t;
Ntypedef   signed       __INT64 int_fast64_t;
Xtypedef   signed       __int64 int_fast64_t;
N
N    /* fastest minimum-width unsigned integer types */
Ntypedef unsigned           int uint_fast8_t;
Ntypedef unsigned           int uint_fast16_t;
Ntypedef unsigned           int uint_fast32_t;
Ntypedef unsigned       __INT64 uint_fast64_t;
Xtypedef unsigned       __int64 uint_fast64_t;
N
N    /* 7.18.1.4 integer types capable of holding object pointers */
N#if __sizeof_ptr == 8
X#if 4 == 8
Stypedef   signed       __INT64 intptr_t;
Stypedef unsigned       __INT64 uintptr_t;
N#else
Ntypedef   signed           int intptr_t;
Ntypedef unsigned           int uintptr_t;
N#endif
N
N    /* 7.18.1.5 greatest-width integer types */
Ntypedef   signed     __LONGLONG intmax_t;
Xtypedef   signed     long long intmax_t;
Ntypedef unsigned     __LONGLONG uintmax_t;
Xtypedef unsigned     long long uintmax_t;
N
N
N#if !defined(__cplusplus) || defined(__STDC_LIMIT_MACROS)
X#if !0L || 0L
N
N    /* 7.18.2.1 */
N
N    /* minimum values of exact-width signed integer types */
N#define INT8_MIN                   -128
N#define INT16_MIN                -32768
N#define INT32_MIN          (~0x7fffffff)   /* -2147483648 is unsigned */
N#define INT64_MIN  __INT64_C(~0x7fffffffffffffff) /* -9223372036854775808 is unsigned */
N
N    /* maximum values of exact-width signed integer types */
N#define INT8_MAX                    127
N#define INT16_MAX                 32767
N#define INT32_MAX            2147483647
N#define INT64_MAX  __INT64_C(9223372036854775807)
N
N    /* maximum values of exact-width unsigned integer types */
N#define UINT8_MAX                   255
N#define UINT16_MAX                65535
N#define UINT32_MAX           4294967295u
N#define UINT64_MAX __UINT64_C(18446744073709551615)
N
N    /* 7.18.2.2 */
N
N    /* minimum values of minimum-width signed integer types */
N#define INT_LEAST8_MIN                   -128
N#define INT_LEAST16_MIN                -32768
N#define INT_LEAST32_MIN          (~0x7fffffff)
N#define INT_LEAST64_MIN  __INT64_C(~0x7fffffffffffffff)
N
N    /* maximum values of minimum-width signed integer types */
N#define INT_LEAST8_MAX                    127
N#define INT_LEAST16_MAX                 32767
N#define INT_LEAST32_MAX            2147483647
N#define INT_LEAST64_MAX  __INT64_C(9223372036854775807)
N
N    /* maximum values of minimum-width unsigned integer types */
N#define UINT_LEAST8_MAX                   255
N#define UINT_LEAST16_MAX                65535
N#define UINT_LEAST32_MAX           4294967295u
N#define UINT_LEAST64_MAX __UINT64_C(18446744073709551615)
N
N    /* 7.18.2.3 */
N
N    /* minimum values of fastest minimum-width signed integer types */
N#define INT_FAST8_MIN           (~0x7fffffff)
N#define INT_FAST16_MIN          (~0x7fffffff)
N#define INT_FAST32_MIN          (~0x7fffffff)
N#define INT_FAST64_MIN  __INT64_C(~0x7fffffffffffffff)
N
N    /* maximum values of fastest minimum-width signed integer types */
N#define INT_FAST8_MAX             2147483647
N#define INT_FAST16_MAX            2147483647
N#define INT_FAST32_MAX            2147483647
N#define INT_FAST64_MAX  __INT64_C(9223372036854775807)
N
N    /* maximum values of fastest minimum-width unsigned integer types */
N#define UINT_FAST8_MAX            4294967295u
N#define UINT_FAST16_MAX           4294967295u
N#define UINT_FAST32_MAX           4294967295u
N#define UINT_FAST64_MAX __UINT64_C(18446744073709551615)
N
N    /* 7.18.2.4 */
N
N    /* minimum value of pointer-holding signed integer type */
N#if __sizeof_ptr == 8
X#if 4 == 8
S#define INTPTR_MIN INT64_MIN
N#else
N#define INTPTR_MIN INT32_MIN
N#endif
N
N    /* maximum value of pointer-holding signed integer type */
N#if __sizeof_ptr == 8
X#if 4 == 8
S#define INTPTR_MAX INT64_MAX
N#else
N#define INTPTR_MAX INT32_MAX
N#endif
N
N    /* maximum value of pointer-holding unsigned integer type */
N#if __sizeof_ptr == 8
X#if 4 == 8
S#define UINTPTR_MAX INT64_MAX
N#else
N#define UINTPTR_MAX INT32_MAX
N#endif
N
N    /* 7.18.2.5 */
N
N    /* minimum value of greatest-width signed integer type */
N#define INTMAX_MIN  __ESCAPE__(~0x7fffffffffffffffll)
N
N    /* maximum value of greatest-width signed integer type */
N#define INTMAX_MAX  __ESCAPE__(9223372036854775807ll)
N
N    /* maximum value of greatest-width unsigned integer type */
N#define UINTMAX_MAX __ESCAPE__(18446744073709551615ull)
N
N    /* 7.18.3 */
N
N    /* limits of ptrdiff_t */
N#if __sizeof_ptr == 8
X#if 4 == 8
S#define PTRDIFF_MIN INT64_MIN
S#define PTRDIFF_MAX INT64_MAX
N#else
N#define PTRDIFF_MIN INT32_MIN
N#define PTRDIFF_MAX INT32_MAX
N#endif
N
N    /* limits of sig_atomic_t */
N#define SIG_ATOMIC_MIN (~0x7fffffff)
N#define SIG_ATOMIC_MAX   2147483647
N
N    /* limit of size_t */
N#if __sizeof_ptr == 8
X#if 4 == 8
S#define SIZE_MAX UINT64_MAX
N#else
N#define SIZE_MAX UINT32_MAX
N#endif
N
N    /* limits of wchar_t */
N    /* NB we have to undef and redef because they're defined in both
N     * stdint.h and wchar.h */
N#undef WCHAR_MIN
N#undef WCHAR_MAX
N
N#if defined(__WCHAR32) || (defined(__ARM_SIZEOF_WCHAR_T) && __ARM_SIZEOF_WCHAR_T == 4)
X#if 0L || (0L && __ARM_SIZEOF_WCHAR_T == 4)
S  #define WCHAR_MIN   0
S  #define WCHAR_MAX   0xffffffffU
N#else
N  #define WCHAR_MIN   0
N  #define WCHAR_MAX   65535
N#endif
N
N    /* limits of wint_t */
N#define WINT_MIN (~0x7fffffff)
N#define WINT_MAX 2147483647
N
N#endif /* __STDC_LIMIT_MACROS */
N
N#if !defined(__cplusplus) || defined(__STDC_CONSTANT_MACROS)
X#if !0L || 0L
N
N    /* 7.18.4.1 macros for minimum-width integer constants */
N#define INT8_C(x)   (x)
N#define INT16_C(x)  (x)
N#define INT32_C(x)  (x)
N#define INT64_C(x)  __INT64_C(x)
N
N#define UINT8_C(x)  (x ## u)
N#define UINT16_C(x) (x ## u)
N#define UINT32_C(x) (x ## u)
N#define UINT64_C(x) __UINT64_C(x)
N
N    /* 7.18.4.2 macros for greatest-width integer constants */
N#define INTMAX_C(x)  __ESCAPE__(x ## ll)
N#define UINTMAX_C(x) __ESCAPE__(x ## ull)
N
N#endif /* __STDC_CONSTANT_MACROS */
N
N    #ifdef __cplusplus
S         }  /* extern "C" */
S      }  /* namespace std */
N    #endif /* __cplusplus */
N  #endif /* __STDINT_DECLS */
N
N  #ifdef __cplusplus
S    #ifndef __STDINT_NO_EXPORTS
S      using ::std::int8_t;
S      using ::std::int16_t;
S      using ::std::int32_t;
S      using ::std::int64_t;
S      using ::std::uint8_t;
S      using ::std::uint16_t;
S      using ::std::uint32_t;
S      using ::std::uint64_t;
S      using ::std::int_least8_t;
S      using ::std::int_least16_t;
S      using ::std::int_least32_t;
S      using ::std::int_least64_t;
S      using ::std::uint_least8_t;
S      using ::std::uint_least16_t;
S      using ::std::uint_least32_t;
S      using ::std::uint_least64_t;
S      using ::std::int_fast8_t;
S      using ::std::int_fast16_t;
S      using ::std::int_fast32_t;
S      using ::std::int_fast64_t;
S      using ::std::uint_fast8_t;
S      using ::std::uint_fast16_t;
S      using ::std::uint_fast32_t;
S      using ::std::uint_fast64_t;
S      using ::std::intptr_t;
S      using ::std::uintptr_t;
S      using ::std::intmax_t;
S      using ::std::uintmax_t;
S    #endif
N  #endif /* __cplusplus */
N
N#undef __INT64
N#undef __LONGLONG
N
N#endif /* __stdint_h */
N
N/* end of stdint.h */
L 2 "src\lucida_20x31.c" 2
N
N//Font Generated by MikroElektronika GLCD Font Creator 1.2.0.0
N//MikroElektrnika 2011 
N//http://www.mikroe.com 
N
N//GLCD FontName : Lucida_Console20x31
N//GLCD FontSize : 20 x 31
N
Nconst uint8_t Lucida_Console20x31[] = {
N   0x00,
N   0x00,
N   0x20,0x00,
N   0x7F,0x00,
N   0x1F,
N   0x00,
N   0x01,0x88,0x01,0x00,
N   0x0C,0xA7,0x01,0x00,
N   0x11,0xE5,0x01,0x00,
N   0x14,0x42,0x02,0x00,
N   0x12,0x9F,0x02,0x00,
N   0x14,0xFC,0x02,0x00,
N   0x14,0x59,0x03,0x00,
N   0x0C,0xB6,0x03,0x00,
N   0x12,0xF4,0x03,0x00,
N   0x0F,0x51,0x04,0x00,
N   0x12,0x8F,0x04,0x00,
N   0x12,0xEC,0x04,0x00,
N   0x0D,0x49,0x05,0x00,
N   0x11,0x87,0x05,0x00,
N   0x0D,0xE4,0x05,0x00,
N   0x13,0x22,0x06,0x00,
N   0x13,0x7F,0x06,0x00,
N   0x13,0xDC,0x06,0x00,
N   0x11,0x39,0x07,0x00,
N   0x12,0x96,0x07,0x00,
N   0x12,0xF3,0x07,0x00,
N   0x11,0x50,0x08,0x00,
N   0x13,0xAD,0x08,0x00,
N   0x12,0x0A,0x09,0x00,
N   0x13,0x67,0x09,0x00,
N   0x12,0xC4,0x09,0x00,
N   0x0D,0x21,0x0A,0x00,
N   0x0D,0x5F,0x0A,0x00,
N   0x13,0x9D,0x0A,0x00,
N   0x13,0xFA,0x0A,0x00,
N   0x13,0x57,0x0B,0x00,
N   0x12,0xB4,0x0B,0x00,
N   0x14,0x11,0x0C,0x00,
N   0x14,0x6E,0x0C,0x00,
N   0x12,0xCB,0x0C,0x00,
N   0x13,0x28,0x0D,0x00,
N   0x13,0x85,0x0D,0x00,
N   0x12,0xE2,0x0D,0x00,
N   0x13,0x3F,0x0E,0x00,
N   0x12,0x9C,0x0E,0x00,
N   0x12,0xF9,0x0E,0x00,
N   0x11,0x56,0x0F,0x00,
N   0x0F,0xB3,0x0F,0x00,
N   0x13,0xF1,0x0F,0x00,
N   0x12,0x4E,0x10,0x00,
N   0x13,0xAB,0x10,0x00,
N   0x12,0x08,0x11,0x00,
N   0x13,0x65,0x11,0x00,
N   0x13,0xC2,0x11,0x00,
N   0x14,0x1F,0x12,0x00,
N   0x14,0x7C,0x12,0x00,
N   0x13,0xD9,0x12,0x00,
N   0x14,0x36,0x13,0x00,
N   0x12,0x93,0x13,0x00,
N   0x14,0xF0,0x13,0x00,
N   0x14,0x4D,0x14,0x00,
N   0x14,0xAA,0x14,0x00,
N   0x14,0x07,0x15,0x00,
N   0x13,0x64,0x15,0x00,
N   0x12,0xC1,0x15,0x00,
N   0x13,0x1E,0x16,0x00,
N   0x0E,0x7B,0x16,0x00,
N   0x13,0xB9,0x16,0x00,
N   0x14,0x16,0x17,0x00,
N   0x0D,0x73,0x17,0x00,
N   0x13,0xB1,0x17,0x00,
N   0x13,0x0E,0x18,0x00,
N   0x13,0x6B,0x18,0x00,
N   0x12,0xC8,0x18,0x00,
N   0x12,0x25,0x19,0x00,
N   0x14,0x82,0x19,0x00,
N   0x12,0xDF,0x19,0x00,
N   0x12,0x3C,0x1A,0x00,
N   0x0D,0x99,0x1A,0x00,
N   0x0F,0xD7,0x1A,0x00,
N   0x13,0x15,0x1B,0x00,
N   0x0D,0x72,0x1B,0x00,
N   0x13,0xB0,0x1B,0x00,
N   0x12,0x0D,0x1C,0x00,
N   0x13,0x6A,0x1C,0x00,
N   0x13,0xC7,0x1C,0x00,
N   0x12,0x24,0x1D,0x00,
N   0x13,0x81,0x1D,0x00,
N   0x11,0xDE,0x1D,0x00,
N   0x12,0x3B,0x1E,0x00,
N   0x12,0x98,0x1E,0x00,
N   0x13,0xF5,0x1E,0x00,
N   0x14,0x52,0x1F,0x00,
N   0x13,0xAF,0x1F,0x00,
N   0x13,0x0C,0x20,0x00,
N   0x12,0x69,0x20,0x00,
N   0x11,0xC6,0x20,0x00,
N   0x0B,0x23,0x21,0x00,
N   0x11,0x61,0x21,0x00,
N   0x13,0xBE,0x21,0x00,
N   0x07,0x1B,0x22,0x00,
N   0x00,0x00,0x00,0x00,0x00,0x00,0x00,0x00,0x00,0x00,0x00,0x00,0x00,0x00,0x00,0x00,0x00,0x00,0x00,0x00,0x00,0x00,0x00,0x00,0x00,0x00,0x00,0x00,0x00,0x00,0x00, // Code for char num 32
N   0x00,0x00,0x00,0x00,0x00,0x0F,0x00,0x0F,0x00,0x0F,0x00,0x0F,0x00,0x0F,0x00,0x0F,0x00,0x0F,0x00,0x0F,0x00,0x0F,0x00,0x0F,0x00,0x0F,0x00,0x0F,0x00,0x0F,0x00,0x0F,0x00,0x0F,0x00,0x0F,0x00,0x00,0x00,0x00,0x00,0x00,0x00,0x00,0x00,0x0F,0x00,0x0F,0x00,0x0F,0x00,0x00,0x00,0x00,0x00,0x00,0x00,0x00,0x00,0x00,0x00,0x00, // Code for char num 33
N   0xF0,0xF1,0x01,0xF0,0xF1,0x01,0xF0,0xF1,0x01,0xF0,0xF1,0x01,0xF0,0xF1,0x01,0xE0,0xE0,0x00,0xE0,0xE0,0x00,0xE0,0xE0,0x00,0x00,0x00,0x00,0x00,0x00,0x00,0x00,0x00,0x00,0x00,0x00,0x00,0x00,0x00,0x00,0x00,0x00,0x00,0x00,0x00,0x00,0x00,0x00,0x00,0x00,0x00,0x00,0x00,0x00,0x00,0x00,0x00,0x00,0x00,0x00,0x00,0x00,0x00,0x00,0x00,0x00,0x00,0x00,0x00,0x00,0x00,0x00,0x00,0x00,0x00,0x00,0x00,0x00,0x00,0x00,0x00,0x00,0x00,0x00,0x00,0x00,0x00,0x00,0x00,0x00,0x00,0x00,0x00,0x00, // Code for char num 34
N   0x00,0x00,0x00,0x00,0x00,0x00,0x00,0x8E,0x03,0x00,0x8E,0x03,0x00,0xC7,0x01,0x00,0xC7,0x01,0x00,0xC7,0x01,0x00,0xC7,0x01,0x80,0xE3,0x00,0xFC,0xFF,0x0F,0xFC,0xFF,0x0F,0xC0,0x71,0x00,0xC0,0x71,0x00,0xC0,0x71,0x00,0xC0,0x71,0x00,0xC0,0x71,0x00,0xFE,0xFF,0x03,0xFE,0xFF,0x03,0xE0,0x38,0x00,0x70,0x1C,0x00,0x70,0x1C,0x00,0x70,0x1C,0x00,0x70,0x1C,0x00,0x38,0x0E,0x00,0x38,0x0E,0x00,0x00,0x00,0x00,0x00,0x00,0x00,0x00,0x00,0x00,0x00,0x00,0x00,0x00,0x00,0x00,0x00,0x00,0x00, // Code for char num 35
N   0x00,0x0E,0x00,0x00,0x0E,0x00,0x80,0xFF,0x00,0xC0,0xFF,0x01,0xE0,0xCF,0x01,0xF0,0x0E,0x00,0xF0,0x0E,0x00,0xF0,0x0E,0x00,0xF0,0x0E,0x00,0xF0,0x0F,0x00,0xE0,0x0F,0x00,0xC0,0x0F,0x00,0xC0,0x0F,0x00,0x00,0x3F,0x00,0x00,0xFE,0x00,0x00,0xFE,0x01,0x00,0xFE,0x01,0x00,0xEE,0x03,0x00,0xCE,0x03,0x00,0xCE,0x03,0x00,0xCE,0x03,0x00,0xEE,0x01,0x70,0xFE,0x01,0xF0,0xFF,0x00,0xC0,0x3F,0x00,0x00,0x0E,0x00,0x00,0x0E,0x00,0x00,0x00,0x00,0x00,0x00,0x00,0x00,0x00,0x00,0x00,0x00,0x00, // Code for char num 36
N   0x00,0x00,0x00,0x00,0x00,0x00,0xFC,0x00,0x0E,0xFE,0x01,0x07,0xCE,0x81,0x03,0x87,0xC3,0x01,0x87,0xC3,0x01,0x87,0xE3,0x00,0x87,0x73,0x00,0x87,0x3B,0x00,0xCE,0x39,0x00,0xFE,0x1D,0x00,0xFC,0x0E,0x00,0x00,0x0F,0x00,0x00,0xF7,0x03,0x80,0xFB,0x07,0xC0,0x39,0x07,0xC0,0x1D,0x0E,0xE0,0x1C,0x0E,0x70,0x1C,0x0E,0x38,0x1C,0x0E,0x38,0x1C,0x0E,0x1C,0x38,0x07,0x0E,0xF8,0x07,0x07,0xF0,0x03,0x00,0x00,0x00,0x00,0x00,0x00,0x00,0x00,0x00,0x00,0x00,0x00,0x00,0x00,0x00,0x00,0x00,0x00, // Code for char num 37
N   0x00,0x00,0x00,0x00,0x00,0x00,0x80,0x1F,0x00,0xE0,0x3F,0x00,0xE0,0x7D,0x00,0xF0,0x78,0x00,0xF0,0x78,0x00,0xF0,0x78,0x00,0xF0,0x3C,0x00,0xE0,0x3F,0x00,0xE0,0x1F,0x00,0xE0,0x07,0x00,0xF0,0x03,0x00,0xFC,0x07,0x0F,0xBE,0x07,0x0F,0x9E,0x0F,0x0F,0x0F,0x1F,0x07,0x0F,0x1E,0x07,0x0F,0xBE,0x07,0x0F,0xFC,0x03,0x1F,0xF8,0x03,0x3E,0xF0,0x01,0x7C,0xF8,0x03,0xF8,0xFF,0x07,0xE0,0xCF,0x0F,0x00,0x00,0x00,0x00,0x00,0x00,0x00,0x00,0x00,0x00,0x00,0x00,0x00,0x00,0x00,0x00,0x00,0x00, // Code for char num 38
N   0x80,0x0F,0x80,0x0F,0x80,0x0F,0x80,0x0F,0x80,0x0F,0x00,0x07,0x00,0x07,0x00,0x07,0x00,0x00,0x00,0x00,0x00,0x00,0x00,0x00,0x00,0x00,0x00,0x00,0x00,0x00,0x00,0x00,0x00,0x00,0x00,0x00,0x00,0x00,0x00,0x00,0x00,0x00,0x00,0x00,0x00,0x00,0x00,0x00,0x00,0x00,0x00,0x00,0x00,0x00,0x00,0x00,0x00,0x00,0x00,0x00,0x00,0x00, // Code for char num 39
N   0x00,0x80,0x03,0x00,0xF0,0x03,0x00,0xF8,0x00,0x00,0x3C,0x00,0x00,0x1E,0x00,0x00,0x0F,0x00,0x80,0x07,0x00,0x80,0x07,0x00,0xC0,0x03,0x00,0xC0,0x03,0x00,0xC0,0x01,0x00,0xE0,0x01,0x00,0xE0,0x01,0x00,0xE0,0x01,0x00,0xE0,0x01,0x00,0xE0,0x01,0x00,0xE0,0x01,0x00,0xE0,0x01,0x00,0xE0,0x01,0x00,0xC0,0x01,0x00,0xC0,0x03,0x00,0xC0,0x03,0x00,0x80,0x07,0x00,0x80,0x07,0x00,0x00,0x0F,0x00,0x00,0x1E,0x00,0x00,0x3C,0x00,0x00,0xF8,0x00,0x00,0xF0,0x03,0x00,0x80,0x03,0x00,0x00,0x00, // Code for char num 40
N   0x1C,0x00,0xFC,0x00,0xF0,0x01,0xC0,0x03,0x80,0x07,0x00,0x0F,0x00,0x1E,0x00,0x1E,0x00,0x3C,0x00,0x3C,0x00,0x38,0x00,0x78,0x00,0x78,0x00,0x78,0x00,0x78,0x00,0x78,0x00,0x78,0x00,0x78,0x00,0x78,0x00,0x38,0x00,0x3C,0x00,0x3C,0x00,0x1E,0x00,0x1E,0x00,0x0F,0x80,0x07,0xC0,0x03,0xF0,0x01,0xFC,0x00,0x1C,0x00,0x00,0x00, // Code for char num 41
N   0x00,0x00,0x00,0x00,0x00,0x00,0x00,0x1E,0x00,0x00,0x1E,0x00,0x00,0x1E,0x00,0x30,0x9E,0x01,0xF0,0xEC,0x01,0xF8,0xFB,0x03,0xE0,0xF1,0x00,0x80,0x19,0x00,0x80,0x3F,0x00,0x80,0x3B,0x00,0xC0,0x7B,0x00,0xE0,0xF1,0x00,0x80,0x31,0x00,0x00,0x00,0x00,0x00,0x00,0x00,0x00,0x00,0x00,0x00,0x00,0x00,0x00,0x00,0x00,0x00,0x00,0x00,0x00,0x00,0x00,0x00,0x00,0x00,0x00,0x00,0x00,0x00,0x00,0x00,0x00,0x00,0x00,0x00,0x00,0x00,0x00,0x00,0x00,0x00,0x00,0x00,0x00,0x00,0x00,0x00,0x00,0x00, // Code for char num 42
N   0x00,0x00,0x00,0x00,0x00,0x00,0x00,0x00,0x00,0x00,0x00,0x00,0x00,0x00,0x00,0x00,0x00,0x00,0x00,0x00,0x00,0x00,0x00,0x00,0x00,0x07,0x00,0x00,0x07,0x00,0x00,0x07,0x00,0x00,0x07,0x00,0x00,0x07,0x00,0x00,0x07,0x00,0x00,0x07,0x00,0x00,0x07,0x00,0xFE,0xFF,0x03,0xFE,0xFF,0x03,0x00,0x07,0x00,0x00,0x07,0x00,0x00,0x07,0x00,0x00,0x07,0x00,0x00,0x07,0x00,0x00,0x07,0x00,0x00,0x07,0x00,0x00,0x00,0x00,0x00,0x00,0x00,0x00,0x00,0x00,0x00,0x00,0x00,0x00,0x00,0x00,0x00,0x00,0x00, // Code for char num 43
N   0x00,0x00,0x00,0x00,0x00,0x00,0x00,0x00,0x00,0x00,0x00,0x00,0x00,0x00,0x00,0x00,0x00,0x00,0x00,0x00,0x00,0x00,0x00,0x00,0x00,0x00,0x00,0x00,0x00,0x00,0x00,0x00,0x00,0x00,0x00,0x00,0x00,0x00,0x00,0x00,0x80,0x1F,0x80,0x1F,0x80,0x1F,0x80,0x1F,0x80,0x1F,0x00,0x1E,0x00,0x1E,0x00,0x0F,0x80,0x07,0x80,0x03,0x00,0x00, // Code for char num 44
N   0x00,0x00,0x00,0x00,0x00,0x00,0x00,0x00,0x00,0x00,0x00,0x00,0x00,0x00,0x00,0x00,0x00,0x00,0x00,0x00,0x00,0x00,0x00,0x00,0x00,0x00,0x00,0x00,0x00,0x00,0x00,0x00,0x00,0x00,0x00,0x00,0x00,0x00,0x00,0x00,0x00,0x00,0x00,0x00,0x00,0xF8,0xFF,0x01,0xF8,0xFF,0x01,0x00,0x00,0x00,0x00,0x00,0x00,0x00,0x00,0x00,0x00,0x00,0x00,0x00,0x00,0x00,0x00,0x00,0x00,0x00,0x00,0x00,0x00,0x00,0x00,0x00,0x00,0x00,0x00,0x00,0x00,0x00,0x00,0x00,0x00,0x00,0x00,0x00,0x00,0x00,0x00,0x00,0x00, // Code for char num 45
N   0x00,0x00,0x00,0x00,0x00,0x00,0x00,0x00,0x00,0x00,0x00,0x00,0x00,0x00,0x00,0x00,0x00,0x00,0x00,0x00,0x00,0x00,0x00,0x00,0x00,0x00,0x00,0x00,0x00,0x00,0x00,0x00,0x00,0x00,0x00,0x00,0x00,0x00,0x00,0x00,0x80,0x1F,0x80,0x1F,0x80,0x1F,0x80,0x1F,0x80,0x1F,0x00,0x00,0x00,0x00,0x00,0x00,0x00,0x00,0x00,0x00,0x00,0x00, // Code for char num 46
N   0x00,0x80,0x07,0x00,0xC0,0x03,0x00,0xC0,0x03,0x00,0xE0,0x01,0x00,0xE0,0x01,0x00,0xF0,0x00,0x00,0xF0,0x00,0x00,0xF8,0x00,0x00,0x78,0x00,0x00,0x78,0x00,0x00,0x3C,0x00,0x00,0x3C,0x00,0x00,0x1E,0x00,0x00,0x1E,0x00,0x00,0x0F,0x00,0x00,0x0F,0x00,0x80,0x07,0x00,0x80,0x07,0x00,0xC0,0x03,0x00,0xC0,0x03,0x00,0xE0,0x01,0x00,0xE0,0x01,0x00,0xF0,0x01,0x00,0xF0,0x00,0x00,0xF0,0x00,0x00,0x78,0x00,0x00,0x78,0x00,0x00,0x3C,0x00,0x00,0x3C,0x00,0x00,0x1E,0x00,0x00,0x00,0x00,0x00, // Code for char num 47
N   0x00,0x00,0x00,0x00,0x00,0x00,0x80,0x3F,0x00,0xC0,0x7F,0x00,0xE0,0xF1,0x00,0xF0,0xE0,0x01,0x78,0xC0,0x03,0x78,0xC0,0x03,0x38,0x80,0x03,0x3C,0x80,0x07,0x3C,0x80,0x07,0x3C,0x80,0x07,0x3C,0x80,0x07,0x3C,0x80,0x07,0x3C,0x80,0x07,0x3C,0x80,0x07,0x3C,0x80,0x07,0x3C,0x80,0x07,0x38,0x80,0x03,0x78,0xC0,0x03,0x78,0xC0,0x03,0xF0,0xE0,0x01,0xE0,0xF1,0x00,0xC0,0x7F,0x00,0x80,0x3F,0x00,0x00,0x00,0x00,0x00,0x00,0x00,0x00,0x00,0x00,0x00,0x00,0x00,0x00,0x00,0x00,0x00,0x00,0x00, // Code for char num 48
N   0x00,0x00,0x00,0x00,0x00,0x00,0x00,0x1C,0x00,0x80,0x1F,0x00,0xF0,0x1F,0x00,0xF8,0x1F,0x00,0x18,0x1E,0x00,0x00,0x1E,0x00,0x00,0x1E,0x00,0x00,0x1E,0x00,0x00,0x1E,0x00,0x00,0x1E,0x00,0x00,0x1E,0x00,0x00,0x1E,0x00,0x00,0x1E,0x00,0x00,0x1E,0x00,0x00,0x1E,0x00,0x00,0x1E,0x00,0x00,0x1E,0x00,0x00,0x1E,0x00,0x00,0x1E,0x00,0x00,0x1E,0x00,0x00,0x1E,0x00,0xF8,0xFF,0x07,0xF8,0xFF,0x07,0x00,0x00,0x00,0x00,0x00,0x00,0x00,0x00,0x00,0x00,0x00,0x00,0x00,0x00,0x00,0x00,0x00,0x00, // Code for char num 49
N   0x00,0x00,0x00,0x00,0x00,0x00,0xC0,0x1F,0x00,0xF0,0x7F,0x00,0x70,0xF8,0x00,0x00,0xF0,0x00,0x00,0xE0,0x01,0x00,0xE0,0x01,0x00,0xE0,0x01,0x00,0xE0,0x01,0x00,0xE0,0x01,0x00,0xF0,0x00,0x00,0xF8,0x00,0x00,0x78,0x00,0x00,0x3C,0x00,0x00,0x1E,0x00,0x00,0x0F,0x00,0x80,0x07,0x00,0xC0,0x03,0x00,0xE0,0x01,0x00,0xF0,0x01,0x00,0xF0,0x00,0x00,0xF8,0x00,0x00,0xF8,0xFF,0x01,0xF8,0xFF,0x01,0x00,0x00,0x00,0x00,0x00,0x00,0x00,0x00,0x00,0x00,0x00,0x00,0x00,0x00,0x00,0x00,0x00,0x00, // Code for char num 50
N   0x00,0x00,0x00,0x00,0x00,0x00,0xE0,0x3F,0x00,0xF0,0x7F,0x00,0x70,0xF8,0x00,0x00,0xF0,0x01,0x00,0xE0,0x01,0x00,0xE0,0x01,0x00,0xE0,0x01,0x00,0xE0,0x01,0x00,0xF0,0x00,0x00,0x78,0x00,0xC0,0x3F,0x00,0xC0,0x7F,0x00,0x00,0xF8,0x00,0x00,0xE0,0x01,0x00,0xC0,0x03,0x00,0xC0,0x03,0x00,0xC0,0x03,0x00,0xC0,0x03,0x00,0xC0,0x03,0x00,0xE0,0x01,0x70,0xF0,0x01,0xF0,0x7F,0x00,0xF0,0x1F,0x00,0x00,0x00,0x00,0x00,0x00,0x00,0x00,0x00,0x00,0x00,0x00,0x00,0x00,0x00,0x00,0x00,0x00,0x00, // Code for char num 51
N   0x00,0x00,0x00,0x00,0x00,0x00,0x00,0x78,0x00,0x00,0x7C,0x00,0x00,0x7E,0x00,0x00,0x7E,0x00,0x00,0x7F,0x00,0x80,0x7F,0x00,0xC0,0x7B,0x00,0xC0,0x7B,0x00,0xE0,0x79,0x00,0xF0,0x78,0x00,0xF0,0x78,0x00,0x78,0x78,0x00,0x3C,0x78,0x00,0x3C,0x78,0x00,0x1E,0x78,0x00,0xFE,0xFF,0x03,0xFE,0xFF,0x03,0x00,0x78,0x00,0x00,0x78,0x00,0x00,0x78,0x00,0x00,0x78,0x00,0x00,0x78,0x00,0x00,0x78,0x00,0x00,0x00,0x00,0x00,0x00,0x00,0x00,0x00,0x00,0x00,0x00,0x00,0x00,0x00,0x00,0x00,0x00,0x00, // Code for char num 52
N   0x00,0x00,0x00,0x00,0x00,0x00,0xE0,0xFF,0x00,0xE0,0xFF,0x00,0xE0,0xFF,0x00,0xE0,0x00,0x00,0xE0,0x00,0x00,0xE0,0x00,0x00,0xE0,0x00,0x00,0xE0,0x00,0x00,0xE0,0x00,0x00,0xE0,0x0F,0x00,0xE0,0x3F,0x00,0x00,0x7C,0x00,0x00,0xF0,0x00,0x00,0xF0,0x01,0x00,0xE0,0x01,0x00,0xE0,0x01,0x00,0xE0,0x01,0x00,0xE0,0x01,0x00,0xE0,0x01,0x00,0xF0,0x00,0x60,0xF8,0x00,0xE0,0x3F,0x00,0xE0,0x1F,0x00,0x00,0x00,0x00,0x00,0x00,0x00,0x00,0x00,0x00,0x00,0x00,0x00,0x00,0x00,0x00,0x00,0x00,0x00, // Code for char num 53
N   0x00,0x00,0x00,0x00,0x00,0x00,0x00,0xFE,0x01,0x80,0xFF,0x03,0xC0,0x87,0x03,0xE0,0x01,0x00,0xE0,0x01,0x00,0xF0,0x00,0x00,0xF0,0x00,0x00,0x70,0x00,0x00,0x78,0x7E,0x00,0xF8,0xFF,0x01,0xF8,0xE3,0x01,0xF8,0xC0,0x03,0xF8,0xC0,0x07,0xF8,0x80,0x07,0x78,0x80,0x07,0x78,0x80,0x07,0x78,0x80,0x07,0xF0,0x80,0x07,0xF0,0xC0,0x03,0xE0,0xC1,0x03,0xE0,0xE3,0x01,0xC0,0xFF,0x00,0x00,0x3F,0x00,0x00,0x00,0x00,0x00,0x00,0x00,0x00,0x00,0x00,0x00,0x00,0x00,0x00,0x00,0x00,0x00,0x00,0x00, // Code for char num 54
N   0x00,0x00,0x00,0x00,0x00,0x00,0xF8,0xFF,0x03,0xF8,0xFF,0x03,0xF8,0xFF,0x03,0x00,0xC0,0x01,0x00,0xE0,0x01,0x00,0xE0,0x00,0x00,0xF0,0x00,0x00,0x78,0x00,0x00,0x38,0x00,0x00,0x3C,0x00,0x00,0x1C,0x00,0x00,0x1E,0x00,0x00,0x0F,0x00,0x00,0x07,0x00,0x80,0x07,0x00,0x80,0x03,0x00,0xC0,0x03,0x00,0xC0,0x03,0x00,0xE0,0x01,0x00,0xE0,0x01,0x00,0xF0,0x01,0x00,0xF0,0x00,0x00,0xF0,0x00,0x00,0x00,0x00,0x00,0x00,0x00,0x00,0x00,0x00,0x00,0x00,0x00,0x00,0x00,0x00,0x00,0x00,0x00,0x00, // Code for char num 55
N   0x00,0x00,0x00,0x00,0x00,0x00,0x00,0x7F,0x00,0xC0,0xFF,0x01,0xE0,0xE1,0x01,0xF0,0xC0,0x03,0xF0,0xC0,0x03,0xF0,0xC0,0x03,0xF0,0xC0,0x03,0xF0,0xE1,0x01,0xE0,0xF3,0x00,0xC0,0x7F,0x00,0x80,0x3F,0x00,0xC0,0xFF,0x00,0xE0,0xF9,0x01,0xF0,0xF0,0x03,0xF8,0xC0,0x07,0x78,0xC0,0x07,0x78,0x80,0x07,0x78,0x80,0x07,0x78,0x80,0x07,0xF0,0xC0,0x03,0xF0,0xE1,0x03,0xE0,0xFF,0x00,0x80,0x7F,0x00,0x00,0x00,0x00,0x00,0x00,0x00,0x00,0x00,0x00,0x00,0x00,0x00,0x00,0x00,0x00,0x00,0x00,0x00, // Code for char num 56
N   0x00,0x00,0x00,0x00,0x00,0x00,0x80,0x1F,0x00,0xE0,0x7F,0x00,0xF0,0xF8,0x00,0x78,0xF0,0x00,0x78,0xE0,0x01,0x3C,0xE0,0x01,0x3C,0xC0,0x03,0x3C,0xC0,0x03,0x3C,0xC0,0x03,0x3C,0xE0,0x03,0x7C,0xE0,0x03,0x78,0xE0,0x03,0xF0,0xF8,0x03,0xE0,0xFF,0x03,0xC0,0xCF,0x03,0x00,0xC0,0x01,0x00,0xE0,0x01,0x00,0xE0,0x01,0x00,0xF0,0x00,0x00,0xF0,0x00,0x38,0x7C,0x00,0xF8,0x3F,0x00,0xF0,0x0F,0x00,0x00,0x00,0x00,0x00,0x00,0x00,0x00,0x00,0x00,0x00,0x00,0x00,0x00,0x00,0x00,0x00,0x00,0x00, // Code for char num 57
N   0x00,0x00,0x00,0x00,0x00,0x00,0x00,0x00,0x00,0x00,0x00,0x00,0x00,0x00,0x00,0x00,0x80,0x1F,0x80,0x1F,0x80,0x1F,0x80,0x1F,0x80,0x1F,0x00,0x00,0x00,0x00,0x00,0x00,0x00,0x00,0x00,0x00,0x00,0x00,0x00,0x00,0x80,0x1F,0x80,0x1F,0x80,0x1F,0x80,0x1F,0x80,0x1F,0x00,0x00,0x00,0x00,0x00,0x00,0x00,0x00,0x00,0x00,0x00,0x00, // Code for char num 58
N   0x00,0x00,0x00,0x00,0x00,0x00,0x00,0x00,0x00,0x00,0x00,0x00,0x00,0x00,0x00,0x00,0x80,0x1F,0x80,0x1F,0x80,0x1F,0x80,0x1F,0x80,0x1F,0x00,0x00,0x00,0x00,0x00,0x00,0x00,0x00,0x00,0x00,0x00,0x00,0x00,0x00,0x80,0x1F,0x80,0x1F,0x80,0x1F,0x80,0x1F,0x80,0x1F,0x00,0x1E,0x00,0x1E,0x00,0x0F,0x80,0x07,0x80,0x03,0x00,0x00, // Code for char num 59
N   0x00,0x00,0x00,0x00,0x00,0x00,0x00,0x00,0x00,0x00,0x00,0x00,0x00,0x00,0x00,0x00,0x00,0x00,0x00,0x00,0x00,0x00,0x00,0x00,0x00,0x00,0x06,0x00,0x80,0x07,0x00,0xE0,0x07,0x00,0xF8,0x03,0x00,0xFE,0x00,0x80,0x3F,0x00,0xE0,0x0F,0x00,0xF8,0x01,0x00,0x7E,0x00,0x00,0xF8,0x01,0x00,0xE0,0x0F,0x00,0x80,0x3F,0x00,0x00,0xFE,0x00,0x00,0xF8,0x03,0x00,0xE0,0x07,0x00,0x80,0x07,0x00,0x00,0x06,0x00,0x00,0x00,0x00,0x00,0x00,0x00,0x00,0x00,0x00,0x00,0x00,0x00,0x00,0x00,0x00,0x00,0x00, // Code for char num 60
N   0x00,0x00,0x00,0x00,0x00,0x00,0x00,0x00,0x00,0x00,0x00,0x00,0x00,0x00,0x00,0x00,0x00,0x00,0x00,0x00,0x00,0x00,0x00,0x00,0x00,0x00,0x00,0x00,0x00,0x00,0x00,0x00,0x00,0x00,0x00,0x00,0x00,0x00,0x00,0x00,0x00,0x00,0xFE,0xFF,0x07,0xFE,0xFF,0x07,0x00,0x00,0x00,0x00,0x00,0x00,0x00,0x00,0x00,0xFE,0xFF,0x07,0xFE,0xFF,0x07,0x00,0x00,0x00,0x00,0x00,0x00,0x00,0x00,0x00,0x00,0x00,0x00,0x00,0x00,0x00,0x00,0x00,0x00,0x00,0x00,0x00,0x00,0x00,0x00,0x00,0x00,0x00,0x00,0x00,0x00, // Code for char num 61
N   0x00,0x00,0x00,0x00,0x00,0x00,0x00,0x00,0x00,0x00,0x00,0x00,0x00,0x00,0x00,0x00,0x00,0x00,0x00,0x00,0x00,0x00,0x00,0x00,0x06,0x00,0x00,0x1E,0x00,0x00,0x7E,0x00,0x00,0xFC,0x01,0x00,0xF0,0x07,0x00,0xC0,0x1F,0x00,0x00,0x7F,0x00,0x00,0xF8,0x01,0x00,0xE0,0x07,0x00,0xF8,0x01,0x00,0x7F,0x00,0xC0,0x1F,0x00,0xF0,0x07,0x00,0xFC,0x01,0x00,0x7E,0x00,0x00,0x1E,0x00,0x00,0x06,0x00,0x00,0x00,0x00,0x00,0x00,0x00,0x00,0x00,0x00,0x00,0x00,0x00,0x00,0x00,0x00,0x00,0x00,0x00,0x00, // Code for char num 62
N   0x00,0x00,0x00,0x00,0x00,0x00,0xF0,0x3F,0x00,0xF8,0xFF,0x00,0x38,0xF0,0x01,0x38,0xC0,0x03,0x38,0xC0,0x03,0x00,0xC0,0x03,0x00,0xC0,0x03,0x00,0xE0,0x01,0x00,0xF0,0x00,0x00,0x7C,0x00,0x00,0x3E,0x00,0x00,0x0F,0x00,0x00,0x0F,0x00,0x80,0x07,0x00,0x80,0x07,0x00,0x80,0x07,0x00,0x00,0x00,0x00,0x00,0x00,0x00,0x00,0x00,0x00,0x00,0x00,0x00,0x80,0x07,0x00,0x80,0x07,0x00,0x80,0x07,0x00,0x00,0x00,0x00,0x00,0x00,0x00,0x00,0x00,0x00,0x00,0x00,0x00,0x00,0x00,0x00,0x00,0x00,0x00, // Code for char num 63
N   0x00,0x00,0x00,0x00,0x00,0x00,0x00,0x7F,0x00,0xC0,0xFF,0x00,0xE0,0xE1,0x01,0xF0,0xC0,0x03,0x78,0x80,0x03,0x3C,0xF8,0x03,0x1C,0xFE,0x03,0x1C,0x8E,0x03,0x0E,0x87,0x03,0x0E,0x87,0x03,0x8E,0x83,0x03,0x8E,0xC3,0x03,0x8E,0xC3,0x03,0x8E,0xE3,0x03,0x8E,0xE3,0x03,0x8E,0xF7,0x03,0x1C,0xBF,0x0F,0x1C,0x9E,0x0F,0x3C,0x00,0x00,0x78,0x00,0x00,0xF0,0xE0,0x00,0xE0,0xFF,0x00,0x80,0x3F,0x00,0x00,0x00,0x00,0x00,0x00,0x00,0x00,0x00,0x00,0x00,0x00,0x00,0x00,0x00,0x00,0x00,0x00,0x00, // Code for char num 64
N   0x00,0x00,0x00,0x00,0x00,0x00,0x00,0x00,0x00,0x00,0x00,0x00,0x00,0x00,0x00,0x00,0x0F,0x00,0x80,0x1F,0x00,0x80,0x1F,0x00,0x80,0x1F,0x00,0xC0,0x3F,0x00,0xC0,0x3D,0x00,0xE0,0x79,0x00,0xE0,0x79,0x00,0xE0,0x78,0x00,0xF0,0xF0,0x00,0xF0,0xF0,0x00,0x78,0xF0,0x01,0x78,0xE0,0x01,0xF8,0xFF,0x01,0xFC,0xFF,0x03,0x3C,0xC0,0x03,0x1E,0xC0,0x07,0x1E,0x80,0x07,0x1E,0x80,0x07,0x0F,0x00,0x0F,0x00,0x00,0x00,0x00,0x00,0x00,0x00,0x00,0x00,0x00,0x00,0x00,0x00,0x00,0x00,0x00,0x00,0x00, // Code for char num 65
N   0x00,0x00,0x00,0x00,0x00,0x00,0x00,0x00,0x00,0x00,0x00,0x00,0x00,0x00,0x00,0xF8,0x3F,0x00,0xF8,0xFF,0x00,0x78,0xF0,0x00,0x78,0xE0,0x01,0x78,0xE0,0x01,0x78,0xE0,0x01,0x78,0xE0,0x01,0x78,0xF0,0x00,0x78,0x78,0x00,0xF8,0x3F,0x00,0xF8,0x3F,0x00,0x78,0xF8,0x00,0x78,0xE0,0x01,0x78,0xC0,0x03,0x78,0xC0,0x03,0x78,0xC0,0x03,0x78,0xC0,0x03,0x78,0xE0,0x01,0xF8,0xFF,0x01,0xF8,0x7F,0x00,0x00,0x00,0x00,0x00,0x00,0x00,0x00,0x00,0x00,0x00,0x00,0x00,0x00,0x00,0x00,0x00,0x00,0x00, // Code for char num 66
N   0x00,0x00,0x00,0x00,0x00,0x00,0x00,0x00,0x00,0x00,0x00,0x00,0x00,0x00,0x00,0x00,0xFE,0x03,0x80,0xFF,0x07,0xE0,0x03,0x07,0xF0,0x01,0x00,0xF8,0x00,0x00,0x78,0x00,0x00,0x78,0x00,0x00,0x3C,0x00,0x00,0x3C,0x00,0x00,0x3C,0x00,0x00,0x3C,0x00,0x00,0x3C,0x00,0x00,0x3C,0x00,0x00,0x7C,0x00,0x00,0x78,0x00,0x00,0xF8,0x00,0x00,0xF0,0x01,0x00,0xE0,0x07,0x07,0xC0,0xFF,0x07,0x00,0xFE,0x03,0x00,0x00,0x00,0x00,0x00,0x00,0x00,0x00,0x00,0x00,0x00,0x00,0x00,0x00,0x00,0x00,0x00,0x00, // Code for char num 67
N   0x00,0x00,0x00,0x00,0x00,0x00,0x00,0x00,0x00,0x00,0x00,0x00,0x00,0x00,0x00,0xFC,0x1F,0x00,0xFC,0x7F,0x00,0x3C,0xF8,0x01,0x3C,0xE0,0x01,0x3C,0xC0,0x03,0x3C,0xC0,0x03,0x3C,0x80,0x07,0x3C,0x80,0x07,0x3C,0x80,0x07,0x3C,0x80,0x07,0x3C,0x80,0x07,0x3C,0x80,0x07,0x3C,0x80,0x07,0x3C,0x80,0x03,0x3C,0xC0,0x03,0x3C,0xC0,0x03,0x3C,0xE0,0x01,0x3C,0xF8,0x00,0xFC,0x7F,0x00,0xFC,0x1F,0x00,0x00,0x00,0x00,0x00,0x00,0x00,0x00,0x00,0x00,0x00,0x00,0x00,0x00,0x00,0x00,0x00,0x00,0x00, // Code for char num 68
N   0x00,0x00,0x00,0x00,0x00,0x00,0x00,0x00,0x00,0x00,0x00,0x00,0x00,0x00,0x00,0xF8,0xFF,0x01,0xF8,0xFF,0x01,0x78,0x00,0x00,0x78,0x00,0x00,0x78,0x00,0x00,0x78,0x00,0x00,0x78,0x00,0x00,0x78,0x00,0x00,0x78,0x00,0x00,0xF8,0xFF,0x00,0xF8,0xFF,0x00,0x78,0x00,0x00,0x78,0x00,0x00,0x78,0x00,0x00,0x78,0x00,0x00,0x78,0x00,0x00,0x78,0x00,0x00,0x78,0x00,0x00,0xF8,0xFF,0x03,0xF8,0xFF,0x03,0x00,0x00,0x00,0x00,0x00,0x00,0x00,0x00,0x00,0x00,0x00,0x00,0x00,0x00,0x00,0x00,0x00,0x00, // Code for char num 69
N   0x00,0x00,0x00,0x00,0x00,0x00,0x00,0x00,0x00,0x00,0x00,0x00,0x00,0x00,0x00,0xF0,0xFF,0x07,0xF0,0xFF,0x07,0xF0,0x00,0x00,0xF0,0x00,0x00,0xF0,0x00,0x00,0xF0,0x00,0x00,0xF0,0x00,0x00,0xF0,0x00,0x00,0xF0,0x00,0x00,0xF0,0xFF,0x01,0xF0,0xFF,0x01,0xF0,0x00,0x00,0xF0,0x00,0x00,0xF0,0x00,0x00,0xF0,0x00,0x00,0xF0,0x00,0x00,0xF0,0x00,0x00,0xF0,0x00,0x00,0xF0,0x00,0x00,0xF0,0x00,0x00,0x00,0x00,0x00,0x00,0x00,0x00,0x00,0x00,0x00,0x00,0x00,0x00,0x00,0x00,0x00,0x00,0x00,0x00, // Code for char num 70
N   0x00,0x00,0x00,0x00,0x00,0x00,0x00,0x00,0x00,0x00,0x00,0x00,0x00,0x00,0x00,0x00,0xFF,0x01,0xC0,0xFF,0x03,0xF0,0x81,0x03,0xF8,0x00,0x00,0x7C,0x00,0x00,0x3C,0x00,0x00,0x3C,0x00,0x00,0x1E,0x00,0x00,0x1E,0x00,0x00,0x1E,0x00,0x00,0x1E,0xFC,0x03,0x1E,0xFC,0x03,0x1E,0xC0,0x03,0x3C,0xC0,0x03,0x3C,0xC0,0x03,0x7C,0xC0,0x03,0xF8,0xC0,0x03,0xF0,0xC3,0x03,0xE0,0xFF,0x03,0x00,0xFF,0x00,0x00,0x00,0x00,0x00,0x00,0x00,0x00,0x00,0x00,0x00,0x00,0x00,0x00,0x00,0x00,0x00,0x00,0x00, // Code for char num 71
N   0x00,0x00,0x00,0x00,0x00,0x00,0x00,0x00,0x00,0x00,0x00,0x00,0x00,0x00,0x00,0x3C,0xC0,0x03,0x3C,0xC0,0x03,0x3C,0xC0,0x03,0x3C,0xC0,0x03,0x3C,0xC0,0x03,0x3C,0xC0,0x03,0x3C,0xC0,0x03,0x3C,0xC0,0x03,0x3C,0xC0,0x03,0xFC,0xFF,0x03,0xFC,0xFF,0x03,0x3C,0xC0,0x03,0x3C,0xC0,0x03,0x3C,0xC0,0x03,0x3C,0xC0,0x03,0x3C,0xC0,0x03,0x3C,0xC0,0x03,0x3C,0xC0,0x03,0x3C,0xC0,0x03,0x3C,0xC0,0x03,0x00,0x00,0x00,0x00,0x00,0x00,0x00,0x00,0x00,0x00,0x00,0x00,0x00,0x00,0x00,0x00,0x00,0x00, // Code for char num 72
N   0x00,0x00,0x00,0x00,0x00,0x00,0x00,0x00,0x00,0x00,0x00,0x00,0x00,0x00,0x00,0xF8,0xFF,0x01,0xF8,0xFF,0x01,0x00,0x0F,0x00,0x00,0x0F,0x00,0x00,0x0F,0x00,0x00,0x0F,0x00,0x00,0x0F,0x00,0x00,0x0F,0x00,0x00,0x0F,0x00,0x00,0x0F,0x00,0x00,0x0F,0x00,0x00,0x0F,0x00,0x00,0x0F,0x00,0x00,0x0F,0x00,0x00,0x0F,0x00,0x00,0x0F,0x00,0x00,0x0F,0x00,0x00,0x0F,0x00,0xF8,0xFF,0x01,0xF8,0xFF,0x01,0x00,0x00,0x00,0x00,0x00,0x00,0x00,0x00,0x00,0x00,0x00,0x00,0x00,0x00,0x00,0x00,0x00,0x00, // Code for char num 73
N   0x00,0x00,0x00,0x00,0x00,0x00,0x00,0x00,0x00,0x00,0xF0,0x7F,0xF0,0x7F,0x00,0x78,0x00,0x78,0x00,0x78,0x00,0x78,0x00,0x78,0x00,0x78,0x00,0x78,0x00,0x78,0x00,0x78,0x00,0x78,0x00,0x78,0x00,0x78,0x00,0x78,0x00,0x78,0x00,0x3C,0x38,0x3E,0xF8,0x1F,0xF0,0x07,0x00,0x00,0x00,0x00,0x00,0x00,0x00,0x00,0x00,0x00,0x00,0x00, // Code for char num 74
N   0x00,0x00,0x00,0x00,0x00,0x00,0x00,0x00,0x00,0x00,0x00,0x00,0x00,0x00,0x00,0x78,0xF0,0x01,0x78,0xF8,0x00,0x78,0x78,0x00,0x78,0x3C,0x00,0x78,0x3E,0x00,0x78,0x1E,0x00,0x78,0x0F,0x00,0xF8,0x0F,0x00,0xF8,0x07,0x00,0xF8,0x03,0x00,0xF8,0x07,0x00,0xF8,0x0F,0x00,0x78,0x1F,0x00,0x78,0x3E,0x00,0x78,0x3C,0x00,0x78,0x78,0x00,0x78,0xF8,0x00,0x78,0xF0,0x01,0x78,0xE0,0x03,0x78,0xC0,0x07,0x00,0x00,0x00,0x00,0x00,0x00,0x00,0x00,0x00,0x00,0x00,0x00,0x00,0x00,0x00,0x00,0x00,0x00, // Code for char num 75
N   0x00,0x00,0x00,0x00,0x00,0x00,0x00,0x00,0x00,0x00,0x00,0x00,0x00,0x00,0x00,0x78,0x00,0x00,0x78,0x00,0x00,0x78,0x00,0x00,0x78,0x00,0x00,0x78,0x00,0x00,0x78,0x00,0x00,0x78,0x00,0x00,0x78,0x00,0x00,0x78,0x00,0x00,0x78,0x00,0x00,0x78,0x00,0x00,0x78,0x00,0x00,0x78,0x00,0x00,0x78,0x00,0x00,0x78,0x00,0x00,0x78,0x00,0x00,0x78,0x00,0x00,0x78,0x00,0x00,0xF8,0xFF,0x03,0xF8,0xFF,0x03,0x00,0x00,0x00,0x00,0x00,0x00,0x00,0x00,0x00,0x00,0x00,0x00,0x00,0x00,0x00,0x00,0x00,0x00, // Code for char num 76
N   0x00,0x00,0x00,0x00,0x00,0x00,0x00,0x00,0x00,0x00,0x00,0x00,0x00,0x00,0x00,0x7E,0xC0,0x07,0x7E,0xE0,0x07,0x7E,0xE0,0x07,0xFE,0xE0,0x07,0xFE,0xF0,0x07,0xFE,0xF0,0x07,0xFE,0xF1,0x07,0xFE,0xB9,0x07,0xDE,0xB9,0x07,0xDE,0xBB,0x07,0xDE,0x9F,0x07,0x9E,0x9F,0x07,0x9E,0x9F,0x07,0x9E,0x9F,0x07,0x1E,0x8F,0x07,0x1E,0x8F,0x07,0x1E,0x80,0x07,0x1E,0x80,0x07,0x1E,0x80,0x07,0x1E,0x80,0x07,0x00,0x00,0x00,0x00,0x00,0x00,0x00,0x00,0x00,0x00,0x00,0x00,0x00,0x00,0x00,0x00,0x00,0x00, // Code for char num 77
N   0x00,0x00,0x00,0x00,0x00,0x00,0x00,0x00,0x00,0x00,0x00,0x00,0x00,0x00,0x00,0x7C,0xC0,0x03,0x7C,0xC0,0x03,0xFC,0xC0,0x03,0xFC,0xC0,0x03,0xFC,0xC1,0x03,0xFC,0xC3,0x03,0xFC,0xC3,0x03,0xFC,0xC7,0x03,0xBC,0xC7,0x03,0x3C,0xCF,0x03,0x3C,0xDF,0x03,0x3C,0xDE,0x03,0x3C,0xFE,0x03,0x3C,0xFC,0x03,0x3C,0xFC,0x03,0x3C,0xF8,0x03,0x3C,0xF0,0x03,0x3C,0xF0,0x03,0x3C,0xE0,0x03,0x3C,0xE0,0x03,0x00,0x00,0x00,0x00,0x00,0x00,0x00,0x00,0x00,0x00,0x00,0x00,0x00,0x00,0x00,0x00,0x00,0x00, // Code for char num 78
N   0x00,0x00,0x00,0x00,0x00,0x00,0x00,0x00,0x00,0x00,0x00,0x00,0x00,0x00,0x00,0xC0,0x3F,0x00,0xE0,0x7F,0x00,0xF8,0xF0,0x01,0x78,0xE0,0x01,0x3C,0xC0,0x03,0x3C,0xC0,0x03,0x1E,0x80,0x07,0x1E,0x80,0x07,0x1E,0x80,0x07,0x1E,0x80,0x07,0x1E,0x80,0x07,0x1E,0x80,0x07,0x1E,0x80,0x07,0x1E,0x80,0x07,0x3C,0xC0,0x03,0x3C,0xC0,0x03,0x78,0xE0,0x01,0xF0,0xF0,0x01,0xE0,0x7F,0x00,0xC0,0x3F,0x00,0x00,0x00,0x00,0x00,0x00,0x00,0x00,0x00,0x00,0x00,0x00,0x00,0x00,0x00,0x00,0x00,0x00,0x00, // Code for char num 79
N   0x00,0x00,0x00,0x00,0x00,0x00,0x00,0x00,0x00,0x00,0x00,0x00,0x00,0x00,0x00,0xF0,0xFF,0x00,0xF0,0xFF,0x01,0xF0,0xE0,0x03,0xF0,0x80,0x07,0xF0,0x80,0x07,0xF0,0x80,0x07,0xF0,0x80,0x07,0xF0,0x80,0x07,0xF0,0xC0,0x03,0xF0,0xF0,0x03,0xF0,0xFF,0x00,0xF0,0x3F,0x00,0xF0,0x00,0x00,0xF0,0x00,0x00,0xF0,0x00,0x00,0xF0,0x00,0x00,0xF0,0x00,0x00,0xF0,0x00,0x00,0xF0,0x00,0x00,0xF0,0x00,0x00,0x00,0x00,0x00,0x00,0x00,0x00,0x00,0x00,0x00,0x00,0x00,0x00,0x00,0x00,0x00,0x00,0x00,0x00, // Code for char num 80
N   0x00,0x00,0x00,0x00,0x00,0x00,0x00,0x00,0x00,0x00,0x00,0x00,0x00,0x00,0x00,0xC0,0x3F,0x00,0xE0,0x7F,0x00,0xF8,0xF0,0x01,0x78,0xE0,0x01,0x3C,0xC0,0x03,0x3C,0xC0,0x03,0x1E,0x80,0x07,0x1E,0x80,0x07,0x1E,0x80,0x07,0x1E,0x80,0x07,0x1E,0x80,0x07,0x1E,0x80,0x07,0x1E,0x80,0x07,0x1E,0x80,0x07,0x3C,0xC0,0x03,0x3C,0xC0,0x03,0x78,0xE0,0x01,0xF0,0xF0,0x01,0xE0,0x7F,0x00,0xC0,0x3F,0x00,0x00,0xF8,0x00,0x00,0xF0,0x03,0x00,0xE0,0x0F,0x00,0x80,0x07,0x00,0x00,0x07,0x00,0x00,0x00, // Code for char num 81
N   0x00,0x00,0x00,0x00,0x00,0x00,0x00,0x00,0x00,0x00,0x00,0x00,0x00,0x00,0x00,0xF8,0x3F,0x00,0xF8,0xFF,0x00,0x78,0xF8,0x00,0x78,0xE0,0x01,0x78,0xE0,0x01,0x78,0xE0,0x01,0x78,0xE0,0x01,0x78,0xE0,0x01,0x78,0xF0,0x00,0x78,0x7C,0x00,0xF8,0x3F,0x00,0xF8,0x1F,0x00,0x78,0x3E,0x00,0x78,0x7C,0x00,0x78,0xF8,0x00,0x78,0xF0,0x00,0x78,0xF0,0x01,0x78,0xE0,0x03,0x78,0xC0,0x07,0x78,0x80,0x0F,0x00,0x00,0x00,0x00,0x00,0x00,0x00,0x00,0x00,0x00,0x00,0x00,0x00,0x00,0x00,0x00,0x00,0x00, // Code for char num 82
N   0x00,0x00,0x00,0x00,0x00,0x00,0x00,0x00,0x00,0x00,0x00,0x00,0x00,0x00,0x00,0x80,0xFF,0x00,0xE0,0xFF,0x03,0xF0,0xC1,0x03,0x78,0x00,0x00,0x78,0x00,0x00,0x78,0x00,0x00,0xF8,0x00,0x00,0xF8,0x01,0x00,0xF0,0x0F,0x00,0xC0,0x7F,0x00,0x00,0xFF,0x01,0x00,0xF8,0x03,0x00,0xC0,0x07,0x00,0x80,0x07,0x00,0x80,0x07,0x00,0x80,0x07,0x18,0xC0,0x03,0xF8,0xE0,0x03,0xF8,0xFF,0x01,0xE0,0x3F,0x00,0x00,0x00,0x00,0x00,0x00,0x00,0x00,0x00,0x00,0x00,0x00,0x00,0x00,0x00,0x00,0x00,0x00,0x00, // Code for char num 83
N   0x00,0x00,0x00,0x00,0x00,0x00,0x00,0x00,0x00,0x00,0x00,0x00,0x00,0x00,0x00,0xFF,0xFF,0x0F,0xFF,0xFF,0x0F,0x00,0x0F,0x00,0x00,0x0F,0x00,0x00,0x0F,0x00,0x00,0x0F,0x00,0x00,0x0F,0x00,0x00,0x0F,0x00,0x00,0x0F,0x00,0x00,0x0F,0x00,0x00,0x0F,0x00,0x00,0x0F,0x00,0x00,0x0F,0x00,0x00,0x0F,0x00,0x00,0x0F,0x00,0x00,0x0F,0x00,0x00,0x0F,0x00,0x00,0x0F,0x00,0x00,0x0F,0x00,0x00,0x0F,0x00,0x00,0x00,0x00,0x00,0x00,0x00,0x00,0x00,0x00,0x00,0x00,0x00,0x00,0x00,0x00,0x00,0x00,0x00, // Code for char num 84
N   0x00,0x00,0x00,0x00,0x00,0x00,0x00,0x00,0x00,0x00,0x00,0x00,0x00,0x00,0x00,0x3C,0xC0,0x03,0x3C,0xC0,0x03,0x3C,0xC0,0x03,0x3C,0xC0,0x03,0x3C,0xC0,0x03,0x3C,0xC0,0x03,0x3C,0xC0,0x03,0x3C,0xC0,0x03,0x3C,0xC0,0x03,0x3C,0xC0,0x03,0x3C,0xC0,0x03,0x3C,0xC0,0x03,0x3C,0xC0,0x03,0x3C,0xC0,0x03,0x3C,0xC0,0x03,0x3C,0xE0,0x03,0x78,0xE0,0x01,0xF8,0xF0,0x00,0xF0,0x7F,0x00,0xC0,0x3F,0x00,0x00,0x00,0x00,0x00,0x00,0x00,0x00,0x00,0x00,0x00,0x00,0x00,0x00,0x00,0x00,0x00,0x00,0x00, // Code for char num 85
N   0x00,0x00,0x00,0x00,0x00,0x00,0x00,0x00,0x00,0x00,0x00,0x00,0x00,0x00,0x00,0x0F,0x00,0x0F,0x1E,0x80,0x07,0x1E,0x80,0x07,0x3E,0xC0,0x07,0x3C,0xC0,0x03,0x3C,0xC0,0x03,0x78,0xE0,0x01,0x78,0xE0,0x01,0xF8,0xE0,0x01,0xF0,0xF0,0x00,0xF0,0xF1,0x00,0xE0,0x79,0x00,0xE0,0x79,0x00,0xE0,0x7B,0x00,0xC0,0x3F,0x00,0xC0,0x3F,0x00,0x80,0x1F,0x00,0x80,0x1F,0x00,0x80,0x1F,0x00,0x00,0x0F,0x00,0x00,0x00,0x00,0x00,0x00,0x00,0x00,0x00,0x00,0x00,0x00,0x00,0x00,0x00,0x00,0x00,0x00,0x00, // Code for char num 86
N   0x00,0x00,0x00,0x00,0x00,0x00,0x00,0x00,0x00,0x00,0x00,0x00,0x00,0x00,0x00,0x0F,0x00,0x0E,0x0F,0x00,0x0F,0x0F,0x00,0x0F,0x0E,0x00,0x07,0x0E,0x0F,0x07,0x0E,0x0F,0x07,0x1E,0x1F,0x07,0x9E,0x1F,0x07,0x9E,0x1F,0x07,0x9E,0x9F,0x03,0x9C,0xBF,0x03,0x9C,0xBF,0x03,0xFC,0xB9,0x03,0xFC,0xB9,0x03,0xFC,0xF9,0x03,0xFC,0xF9,0x01,0xFC,0xF8,0x01,0xF8,0xF0,0x01,0xF8,0xF0,0x01,0xF8,0xF0,0x01,0x00,0x00,0x00,0x00,0x00,0x00,0x00,0x00,0x00,0x00,0x00,0x00,0x00,0x00,0x00,0x00,0x00,0x00, // Code for char num 87
N   0x00,0x00,0x00,0x00,0x00,0x00,0x00,0x00,0x00,0x00,0x00,0x00,0x00,0x00,0x00,0x3E,0x80,0x0F,0x7C,0xC0,0x07,0x78,0xC0,0x03,0xF0,0xE0,0x01,0xF0,0xF1,0x00,0xE0,0x7B,0x00,0xC0,0x7B,0x00,0xC0,0x3F,0x00,0x80,0x1F,0x00,0x00,0x0F,0x00,0x80,0x1F,0x00,0x80,0x3F,0x00,0xC0,0x7F,0x00,0xE0,0x79,0x00,0xF0,0xF8,0x00,0xF8,0xF0,0x01,0x78,0xE0,0x01,0x3C,0xC0,0x03,0x1E,0xC0,0x07,0x0F,0x80,0x0F,0x00,0x00,0x00,0x00,0x00,0x00,0x00,0x00,0x00,0x00,0x00,0x00,0x00,0x00,0x00,0x00,0x00,0x00, // Code for char num 88
N   0x00,0x00,0x00,0x00,0x00,0x00,0x00,0x00,0x00,0x00,0x00,0x00,0x00,0x00,0x00,0x3E,0x00,0x0F,0x3C,0x80,0x07,0x78,0x80,0x07,0xF8,0xC0,0x03,0xF0,0xC0,0x01,0xE0,0xE1,0x01,0xE0,0xF3,0x00,0xC0,0xF7,0x00,0x80,0x7F,0x00,0x80,0x3F,0x00,0x00,0x3F,0x00,0x00,0x1E,0x00,0x00,0x1E,0x00,0x00,0x1E,0x00,0x00,0x1E,0x00,0x00,0x1E,0x00,0x00,0x1E,0x00,0x00,0x1E,0x00,0x00,0x1E,0x00,0x00,0x1E,0x00,0x00,0x00,0x00,0x00,0x00,0x00,0x00,0x00,0x00,0x00,0x00,0x00,0x00,0x00,0x00,0x00,0x00,0x00, // Code for char num 89
N   0x00,0x00,0x00,0x00,0x00,0x00,0x00,0x00,0x00,0x00,0x00,0x00,0x00,0x00,0x00,0xF8,0xFF,0x07,0xF8,0xFF,0x07,0x00,0xC0,0x07,0x00,0xE0,0x03,0x00,0xE0,0x01,0x00,0xF0,0x00,0x00,0x78,0x00,0x00,0x7C,0x00,0x00,0x3E,0x00,0x00,0x1E,0x00,0x00,0x0F,0x00,0x80,0x0F,0x00,0xC0,0x07,0x00,0xC0,0x03,0x00,0xE0,0x01,0x00,0xF0,0x00,0x00,0xF8,0x00,0x00,0x7C,0x00,0x00,0xFC,0xFF,0x07,0xFC,0xFF,0x07,0x00,0x00,0x00,0x00,0x00,0x00,0x00,0x00,0x00,0x00,0x00,0x00,0x00,0x00,0x00,0x00,0x00,0x00, // Code for char num 90
N   0x80,0xFF,0x03,0x80,0xFF,0x03,0x80,0x07,0x00,0x80,0x07,0x00,0x80,0x07,0x00,0x80,0x07,0x00,0x80,0x07,0x00,0x80,0x07,0x00,0x80,0x07,0x00,0x80,0x07,0x00,0x80,0x07,0x00,0x80,0x07,0x00,0x80,0x07,0x00,0x80,0x07,0x00,0x80,0x07,0x00,0x80,0x07,0x00,0x80,0x07,0x00,0x80,0x07,0x00,0x80,0x07,0x00,0x80,0x07,0x00,0x80,0x07,0x00,0x80,0x07,0x00,0x80,0x07,0x00,0x80,0x07,0x00,0x80,0x07,0x00,0x80,0x07,0x00,0x80,0x07,0x00,0x80,0x07,0x00,0x80,0xFF,0x03,0x80,0xFF,0x03,0x00,0x00,0x00, // Code for char num 91
N   0x1E,0x00,0x00,0x3C,0x00,0x00,0x3C,0x00,0x00,0x78,0x00,0x00,0x78,0x00,0x00,0xF0,0x00,0x00,0xF0,0x00,0x00,0xF0,0x01,0x00,0xE0,0x01,0x00,0xE0,0x01,0x00,0xC0,0x03,0x00,0xC0,0x03,0x00,0x80,0x07,0x00,0x80,0x07,0x00,0x00,0x0F,0x00,0x00,0x0F,0x00,0x00,0x1E,0x00,0x00,0x1E,0x00,0x00,0x3C,0x00,0x00,0x3C,0x00,0x00,0x78,0x00,0x00,0x78,0x00,0x00,0xF8,0x00,0x00,0xF0,0x00,0x00,0xF0,0x00,0x00,0xE0,0x01,0x00,0xE0,0x01,0x00,0xC0,0x03,0x00,0xC0,0x03,0x00,0x80,0x07,0x00,0x00,0x00, // Code for char num 92
N   0xF8,0x3F,0xF8,0x3F,0x00,0x3C,0x00,0x3C,0x00,0x3C,0x00,0x3C,0x00,0x3C,0x00,0x3C,0x00,0x3C,0x00,0x3C,0x00,0x3C,0x00,0x3C,0x00,0x3C,0x00,0x3C,0x00,0x3C,0x00,0x3C,0x00,0x3C,0x00,0x3C,0x00,0x3C,0x00,0x3C,0x00,0x3C,0x00,0x3C,0x00,0x3C,0x00,0x3C,0x00,0x3C,0x00,0x3C,0x00,0x3C,0x00,0x3C,0xF8,0x3F,0xF8,0x3F,0x00,0x00, // Code for char num 93
N   0x00,0x00,0x00,0x00,0x00,0x00,0x00,0x06,0x00,0x00,0x06,0x00,0x00,0x0F,0x00,0x00,0x0F,0x00,0x80,0x1F,0x00,0x80,0x1F,0x00,0xC0,0x3F,0x00,0xC0,0x3F,0x00,0xE0,0x79,0x00,0xE0,0x79,0x00,0xE0,0x70,0x00,0xF0,0xF0,0x00,0x70,0xE0,0x00,0x78,0xE0,0x01,0x78,0xE0,0x01,0x3C,0xC0,0x03,0x3C,0xC0,0x03,0x1E,0x80,0x07,0x00,0x00,0x00,0x00,0x00,0x00,0x00,0x00,0x00,0x00,0x00,0x00,0x00,0x00,0x00,0x00,0x00,0x00,0x00,0x00,0x00,0x00,0x00,0x00,0x00,0x00,0x00,0x00,0x00,0x00,0x00,0x00,0x00, // Code for char num 94
N   0x00,0x00,0x00,0x00,0x00,0x00,0x00,0x00,0x00,0x00,0x00,0x00,0x00,0x00,0x00,0x00,0x00,0x00,0x00,0x00,0x00,0x00,0x00,0x00,0x00,0x00,0x00,0x00,0x00,0x00,0x00,0x00,0x00,0x00,0x00,0x00,0x00,0x00,0x00,0x00,0x00,0x00,0x00,0x00,0x00,0x00,0x00,0x00,0x00,0x00,0x00,0x00,0x00,0x00,0x00,0x00,0x00,0x00,0x00,0x00,0x00,0x00,0x00,0x00,0x00,0x00,0x00,0x00,0x00,0x00,0x00,0x00,0x00,0x00,0x00,0xFF,0xFF,0x0F,0xFF,0xFF,0x0F,0x00,0x00,0x00,0x00,0x00,0x00,0x00,0x00,0x00,0x00,0x00,0x00, // Code for char num 95
N   0x80,0x07,0x00,0x0F,0x00,0x1C,0x00,0x00,0x00,0x00,0x00,0x00,0x00,0x00,0x00,0x00,0x00,0x00,0x00,0x00,0x00,0x00,0x00,0x00,0x00,0x00,0x00,0x00,0x00,0x00,0x00,0x00,0x00,0x00,0x00,0x00,0x00,0x00,0x00,0x00,0x00,0x00,0x00,0x00,0x00,0x00,0x00,0x00,0x00,0x00,0x00,0x00,0x00,0x00,0x00,0x00,0x00,0x00,0x00,0x00,0x00,0x00, // Code for char num 96
N   0x00,0x00,0x00,0x00,0x00,0x00,0x00,0x00,0x00,0x00,0x00,0x00,0x00,0x00,0x00,0x00,0x00,0x00,0x00,0x00,0x00,0x00,0x00,0x00,0xE0,0x1F,0x00,0xF8,0x7F,0x00,0x38,0xF8,0x00,0x00,0xF0,0x00,0x00,0xF0,0x00,0x00,0xF0,0x00,0x00,0xF0,0x00,0xC0,0xFF,0x00,0xF0,0xFF,0x00,0xF8,0xF0,0x00,0x7C,0xF0,0x00,0x3C,0xF0,0x00,0x3C,0xF0,0x00,0x3C,0xF0,0x00,0x7C,0xFC,0x00,0xF8,0xEF,0x07,0xE0,0xC7,0x07,0x00,0x00,0x00,0x00,0x00,0x00,0x00,0x00,0x00,0x00,0x00,0x00,0x00,0x00,0x00,0x00,0x00,0x00, // Code for char num 97
N   0x78,0x00,0x00,0x78,0x00,0x00,0x78,0x00,0x00,0x78,0x00,0x00,0x78,0x00,0x00,0x78,0x00,0x00,0x78,0x00,0x00,0x78,0x00,0x00,0x78,0x7E,0x00,0x78,0xFF,0x01,0xF8,0xE3,0x03,0xF8,0xC1,0x03,0xF8,0x80,0x07,0x78,0x80,0x07,0x78,0x80,0x07,0x78,0x80,0x07,0x78,0x80,0x07,0x78,0x80,0x07,0x78,0x80,0x07,0x78,0x80,0x07,0x78,0xC0,0x03,0xF8,0xC0,0x03,0xF8,0xF1,0x01,0xF8,0xFF,0x00,0x38,0x3F,0x00,0x00,0x00,0x00,0x00,0x00,0x00,0x00,0x00,0x00,0x00,0x00,0x00,0x00,0x00,0x00,0x00,0x00,0x00, // Code for char num 98
N   0x00,0x00,0x00,0x00,0x00,0x00,0x00,0x00,0x00,0x00,0x00,0x00,0x00,0x00,0x00,0x00,0x00,0x00,0x00,0x00,0x00,0x00,0x00,0x00,0x00,0xFE,0x03,0xC0,0xFF,0x07,0xE0,0x07,0x07,0xF0,0x01,0x00,0xF0,0x00,0x00,0xF8,0x00,0x00,0x78,0x00,0x00,0x78,0x00,0x00,0x78,0x00,0x00,0x78,0x00,0x00,0x78,0x00,0x00,0xF8,0x00,0x00,0xF0,0x00,0x00,0xF0,0x01,0x00,0xE0,0x07,0x07,0xC0,0xFF,0x07,0x00,0xFE,0x03,0x00,0x00,0x00,0x00,0x00,0x00,0x00,0x00,0x00,0x00,0x00,0x00,0x00,0x00,0x00,0x00,0x00,0x00, // Code for char num 99
N   0x00,0xC0,0x03,0x00,0xC0,0x03,0x00,0xC0,0x03,0x00,0xC0,0x03,0x00,0xC0,0x03,0x00,0xC0,0x03,0x00,0xC0,0x03,0x00,0xC0,0x03,0x80,0xDF,0x03,0xE0,0xFF,0x03,0xF0,0xF1,0x03,0x78,0xE0,0x03,0x78,0xC0,0x03,0x3C,0xC0,0x03,0x3C,0xC0,0x03,0x3C,0xC0,0x03,0x3C,0xC0,0x03,0x3C,0xC0,0x03,0x3C,0xC0,0x03,0x3C,0xC0,0x03,0x3C,0xE0,0x03,0x78,0xF0,0x03,0xF8,0xF8,0x03,0xF0,0xDF,0x03,0xC0,0xCF,0x03,0x00,0x00,0x00,0x00,0x00,0x00,0x00,0x00,0x00,0x00,0x00,0x00,0x00,0x00,0x00,0x00,0x00,0x00, // Code for char num 100
N   0x00,0x00,0x00,0x00,0x00,0x00,0x00,0x00,0x00,0x00,0x00,0x00,0x00,0x00,0x00,0x00,0x00,0x00,0x00,0x00,0x00,0x00,0x00,0x00,0x80,0x3F,0x00,0xE0,0xFF,0x00,0xF0,0xF1,0x01,0x78,0xE0,0x01,0x78,0xC0,0x03,0x3C,0xC0,0x03,0x3C,0xC0,0x03,0xFC,0xFF,0x03,0xFC,0xFF,0x03,0x3C,0x00,0x00,0x3C,0x00,0x00,0x3C,0x00,0x00,0x78,0x00,0x00,0xF8,0x00,0x00,0xF0,0x81,0x03,0xE0,0xFF,0x03,0x80,0xFF,0x00,0x00,0x00,0x00,0x00,0x00,0x00,0x00,0x00,0x00,0x00,0x00,0x00,0x00,0x00,0x00,0x00,0x00,0x00, // Code for char num 101
N   0x00,0xFC,0x0F,0x00,0xFE,0x0F,0x00,0x1F,0x0C,0x80,0x07,0x00,0x80,0x07,0x00,0x80,0x07,0x00,0x80,0x07,0x00,0x80,0x07,0x00,0xFC,0xFF,0x07,0xFC,0xFF,0x07,0x80,0x07,0x00,0x80,0x07,0x00,0x80,0x07,0x00,0x80,0x07,0x00,0x80,0x07,0x00,0x80,0x07,0x00,0x80,0x07,0x00,0x80,0x07,0x00,0x80,0x07,0x00,0x80,0x07,0x00,0x80,0x07,0x00,0x80,0x07,0x00,0x80,0x07,0x00,0x80,0x07,0x00,0x80,0x07,0x00,0x00,0x00,0x00,0x00,0x00,0x00,0x00,0x00,0x00,0x00,0x00,0x00,0x00,0x00,0x00,0x00,0x00,0x00, // Code for char num 102
N   0x00,0x00,0x00,0x00,0x00,0x00,0x00,0x00,0x00,0x00,0x00,0x00,0x00,0x00,0x00,0x00,0x00,0x00,0x00,0x00,0x00,0x00,0x00,0x00,0x80,0xDF,0x03,0xE0,0xFF,0x03,0xF0,0xF1,0x03,0x78,0xE0,0x03,0x78,0xC0,0x03,0x3C,0xC0,0x03,0x3C,0xC0,0x03,0x3C,0xC0,0x03,0x3C,0xC0,0x03,0x3C,0xC0,0x03,0x3C,0xC0,0x03,0x3C,0xC0,0x03,0x7C,0xE0,0x03,0x78,0xF0,0x03,0xF8,0xF8,0x03,0xF0,0xDF,0x03,0xC0,0xCF,0x03,0x00,0xC0,0x03,0x00,0xC0,0x01,0x00,0xE0,0x01,0x38,0xF0,0x00,0xF8,0x7F,0x00,0xF0,0x1F,0x00, // Code for char num 103
N   0x78,0x00,0x00,0x78,0x00,0x00,0x78,0x00,0x00,0x78,0x00,0x00,0x78,0x00,0x00,0x78,0x00,0x00,0x78,0x00,0x00,0x78,0x00,0x00,0x78,0xFE,0x00,0x78,0xFF,0x01,0xF8,0xE3,0x01,0xF8,0xC1,0x03,0xF8,0xC0,0x03,0x78,0xC0,0x03,0x78,0xC0,0x03,0x78,0xC0,0x03,0x78,0xC0,0x03,0x78,0xC0,0x03,0x78,0xC0,0x03,0x78,0xC0,0x03,0x78,0xC0,0x03,0x78,0xC0,0x03,0x78,0xC0,0x03,0x78,0xC0,0x03,0x78,0xC0,0x03,0x00,0x00,0x00,0x00,0x00,0x00,0x00,0x00,0x00,0x00,0x00,0x00,0x00,0x00,0x00,0x00,0x00,0x00, // Code for char num 104
N   0x00,0x1F,0x00,0x1F,0x00,0x1F,0x00,0x1F,0x00,0x00,0x00,0x00,0x00,0x00,0x00,0x00,0xF8,0x1F,0xF8,0x1F,0x00,0x1E,0x00,0x1E,0x00,0x1E,0x00,0x1E,0x00,0x1E,0x00,0x1E,0x00,0x1E,0x00,0x1E,0x00,0x1E,0x00,0x1E,0x00,0x1E,0x00,0x1E,0x00,0x1E,0x00,0x1E,0x00,0x1E,0x00,0x00,0x00,0x00,0x00,0x00,0x00,0x00,0x00,0x00,0x00,0x00, // Code for char num 105
N   0x00,0x7C,0x00,0x7C,0x00,0x7C,0x00,0x7C,0x00,0x00,0x00,0x00,0x00,0x00,0x00,0x00,0xF0,0x7F,0xF0,0x7F,0x00,0x78,0x00,0x78,0x00,0x78,0x00,0x78,0x00,0x78,0x00,0x78,0x00,0x78,0x00,0x78,0x00,0x78,0x00,0x78,0x00,0x78,0x00,0x78,0x00,0x78,0x00,0x78,0x00,0x78,0x00,0x78,0x00,0x78,0x00,0x38,0x38,0x3C,0xF8,0x1F,0xF0,0x0F, // Code for char num 106
N   0x78,0x00,0x00,0x78,0x00,0x00,0x78,0x00,0x00,0x78,0x00,0x00,0x78,0x00,0x00,0x78,0x00,0x00,0x78,0x00,0x00,0x78,0x00,0x00,0x78,0xF0,0x03,0x78,0xF0,0x01,0x78,0xF8,0x00,0x78,0x7C,0x00,0x78,0x3E,0x00,0x78,0x1F,0x00,0xF8,0x0F,0x00,0xF8,0x07,0x00,0xF8,0x07,0x00,0xF8,0x0F,0x00,0x78,0x1F,0x00,0x78,0x3E,0x00,0x78,0x7C,0x00,0x78,0xF8,0x00,0x78,0xF0,0x01,0x78,0xE0,0x03,0x78,0xC0,0x07,0x00,0x00,0x00,0x00,0x00,0x00,0x00,0x00,0x00,0x00,0x00,0x00,0x00,0x00,0x00,0x00,0x00,0x00, // Code for char num 107
N   0xFC,0x1F,0xFC,0x1F,0x00,0x1E,0x00,0x1E,0x00,0x1E,0x00,0x1E,0x00,0x1E,0x00,0x1E,0x00,0x1E,0x00,0x1E,0x00,0x1E,0x00,0x1E,0x00,0x1E,0x00,0x1E,0x00,0x1E,0x00,0x1E,0x00,0x1E,0x00,0x1E,0x00,0x1E,0x00,0x1E,0x00,0x1E,0x00,0x1E,0x00,0x1E,0x00,0x1E,0x00,0x1E,0x00,0x00,0x00,0x00,0x00,0x00,0x00,0x00,0x00,0x00,0x00,0x00, // Code for char num 108
N   0x00,0x00,0x00,0x00,0x00,0x00,0x00,0x00,0x00,0x00,0x00,0x00,0x00,0x00,0x00,0x00,0x00,0x00,0x00,0x00,0x00,0x00,0x00,0x00,0xDE,0xE3,0x03,0xFE,0xF7,0x03,0xFE,0xFF,0x07,0x7E,0xBF,0x07,0x3E,0x9F,0x07,0x3E,0x9F,0x07,0x1E,0x8F,0x07,0x1E,0x8F,0x07,0x1E,0x8F,0x07,0x1E,0x8F,0x07,0x1E,0x8F,0x07,0x1E,0x8F,0x07,0x1E,0x8F,0x07,0x1E,0x8F,0x07,0x1E,0x8F,0x07,0x1E,0x8F,0x07,0x1E,0x8F,0x07,0x00,0x00,0x00,0x00,0x00,0x00,0x00,0x00,0x00,0x00,0x00,0x00,0x00,0x00,0x00,0x00,0x00,0x00, // Code for char num 109
N   0x00,0x00,0x00,0x00,0x00,0x00,0x00,0x00,0x00,0x00,0x00,0x00,0x00,0x00,0x00,0x00,0x00,0x00,0x00,0x00,0x00,0x00,0x00,0x00,0x78,0xFE,0x00,0x78,0xFF,0x01,0xF8,0xE3,0x01,0xF8,0xC1,0x03,0xF8,0xC0,0x03,0x78,0xC0,0x03,0x78,0xC0,0x03,0x78,0xC0,0x03,0x78,0xC0,0x03,0x78,0xC0,0x03,0x78,0xC0,0x03,0x78,0xC0,0x03,0x78,0xC0,0x03,0x78,0xC0,0x03,0x78,0xC0,0x03,0x78,0xC0,0x03,0x78,0xC0,0x03,0x00,0x00,0x00,0x00,0x00,0x00,0x00,0x00,0x00,0x00,0x00,0x00,0x00,0x00,0x00,0x00,0x00,0x00, // Code for char num 110
N   0x00,0x00,0x00,0x00,0x00,0x00,0x00,0x00,0x00,0x00,0x00,0x00,0x00,0x00,0x00,0x00,0x00,0x00,0x00,0x00,0x00,0x00,0x00,0x00,0x80,0x3F,0x00,0xE0,0xFF,0x00,0xF0,0xF1,0x01,0xF8,0xE0,0x03,0x78,0xC0,0x03,0x3C,0x80,0x07,0x3C,0x80,0x07,0x3C,0x80,0x07,0x3C,0x80,0x07,0x3C,0x80,0x07,0x3C,0x80,0x07,0x3C,0x80,0x07,0x78,0xC0,0x03,0xF8,0xE0,0x03,0xF0,0xF1,0x01,0xE0,0xFF,0x00,0x80,0x3F,0x00,0x00,0x00,0x00,0x00,0x00,0x00,0x00,0x00,0x00,0x00,0x00,0x00,0x00,0x00,0x00,0x00,0x00,0x00, // Code for char num 111
N   0x00,0x00,0x00,0x00,0x00,0x00,0x00,0x00,0x00,0x00,0x00,0x00,0x00,0x00,0x00,0x00,0x00,0x00,0x00,0x00,0x00,0x00,0x00,0x00,0x78,0x7E,0x00,0x78,0xFF,0x01,0xF8,0xE3,0x03,0xF8,0xC1,0x03,0xF8,0x80,0x07,0x78,0x80,0x07,0x78,0x80,0x07,0x78,0x80,0x07,0x78,0x80,0x07,0x78,0x80,0x07,0x78,0x80,0x07,0x78,0x80,0x07,0x78,0xC0,0x03,0xF8,0xC0,0x03,0xF8,0xF1,0x01,0xF8,0xFF,0x00,0x78,0x3F,0x00,0x78,0x00,0x00,0x78,0x00,0x00,0x78,0x00,0x00,0x78,0x00,0x00,0x78,0x00,0x00,0x78,0x00,0x00, // Code for char num 112
N   0x00,0x00,0x00,0x00,0x00,0x00,0x00,0x00,0x00,0x00,0x00,0x00,0x00,0x00,0x00,0x00,0x00,0x00,0x00,0x00,0x00,0x00,0x00,0x00,0x80,0xDF,0x03,0xE0,0xFF,0x03,0xF0,0xF1,0x03,0x78,0xE0,0x03,0x78,0xC0,0x03,0x3C,0xC0,0x03,0x3C,0xC0,0x03,0x3C,0xC0,0x03,0x3C,0xC0,0x03,0x3C,0xC0,0x03,0x3C,0xC0,0x03,0x3C,0xC0,0x03,0x3C,0xE0,0x03,0x78,0xF0,0x03,0xF8,0xF8,0x03,0xF0,0xDF,0x03,0xC0,0xCF,0x03,0x00,0xC0,0x03,0x00,0xC0,0x03,0x00,0xC0,0x03,0x00,0xC0,0x03,0x00,0xC0,0x03,0x00,0xC0,0x03, // Code for char num 113
N   0x00,0x00,0x00,0x00,0x00,0x00,0x00,0x00,0x00,0x00,0x00,0x00,0x00,0x00,0x00,0x00,0x00,0x00,0x00,0x00,0x00,0x00,0x00,0x00,0xE0,0xF1,0x07,0xE0,0xFD,0x07,0xE0,0x1F,0x07,0xE0,0x07,0x07,0xE0,0x03,0x07,0xE0,0x03,0x00,0xE0,0x01,0x00,0xE0,0x01,0x00,0xE0,0x01,0x00,0xE0,0x01,0x00,0xE0,0x01,0x00,0xE0,0x01,0x00,0xE0,0x01,0x00,0xE0,0x01,0x00,0xE0,0x01,0x00,0xE0,0x01,0x00,0xE0,0x01,0x00,0x00,0x00,0x00,0x00,0x00,0x00,0x00,0x00,0x00,0x00,0x00,0x00,0x00,0x00,0x00,0x00,0x00,0x00, // Code for char num 114
N   0x00,0x00,0x00,0x00,0x00,0x00,0x00,0x00,0x00,0x00,0x00,0x00,0x00,0x00,0x00,0x00,0x00,0x00,0x00,0x00,0x00,0x00,0x00,0x00,0xC0,0x7F,0x00,0xF0,0xFF,0x00,0xF0,0xE0,0x00,0x78,0x00,0x00,0x78,0x00,0x00,0xF8,0x00,0x00,0xF8,0x03,0x00,0xF0,0x1F,0x00,0xC0,0x7F,0x00,0x00,0xFE,0x00,0x00,0xF0,0x01,0x00,0xE0,0x01,0x00,0xE0,0x01,0x00,0xE0,0x01,0x78,0xF8,0x00,0xF8,0x7F,0x00,0xE0,0x1F,0x00,0x00,0x00,0x00,0x00,0x00,0x00,0x00,0x00,0x00,0x00,0x00,0x00,0x00,0x00,0x00,0x00,0x00,0x00, // Code for char num 115
N   0x00,0x00,0x00,0x00,0x00,0x00,0x00,0x00,0x00,0x00,0x00,0x00,0x00,0x00,0x00,0xC0,0x03,0x00,0xC0,0x03,0x00,0xC0,0x03,0x00,0xFC,0xFF,0x03,0xFC,0xFF,0x03,0xC0,0x03,0x00,0xC0,0x03,0x00,0xC0,0x03,0x00,0xC0,0x03,0x00,0xC0,0x03,0x00,0xC0,0x03,0x00,0xC0,0x03,0x00,0xC0,0x03,0x00,0xC0,0x03,0x00,0xC0,0x03,0x00,0xC0,0x03,0x00,0xC0,0x03,0x00,0x80,0x07,0x00,0x80,0xFF,0x03,0x00,0xFE,0x03,0x00,0x00,0x00,0x00,0x00,0x00,0x00,0x00,0x00,0x00,0x00,0x00,0x00,0x00,0x00,0x00,0x00,0x00, // Code for char num 116
N   0x00,0x00,0x00,0x00,0x00,0x00,0x00,0x00,0x00,0x00,0x00,0x00,0x00,0x00,0x00,0x00,0x00,0x00,0x00,0x00,0x00,0x00,0x00,0x00,0x78,0xC0,0x03,0x78,0xC0,0x03,0x78,0xC0,0x03,0x78,0xC0,0x03,0x78,0xC0,0x03,0x78,0xC0,0x03,0x78,0xC0,0x03,0x78,0xC0,0x03,0x78,0xC0,0x03,0x78,0xC0,0x03,0x78,0xC0,0x03,0x78,0xE0,0x03,0x78,0xE0,0x03,0x78,0xF0,0x03,0xF0,0xF8,0x03,0xF0,0xDF,0x03,0xE0,0xCF,0x03,0x00,0x00,0x00,0x00,0x00,0x00,0x00,0x00,0x00,0x00,0x00,0x00,0x00,0x00,0x00,0x00,0x00,0x00, // Code for char num 117
N   0x00,0x00,0x00,0x00,0x00,0x00,0x00,0x00,0x00,0x00,0x00,0x00,0x00,0x00,0x00,0x00,0x00,0x00,0x00,0x00,0x00,0x00,0x00,0x00,0x1E,0x80,0x07,0x3C,0xC0,0x03,0x3C,0xC0,0x03,0x7C,0xE0,0x03,0x78,0xE0,0x01,0x78,0xE0,0x01,0xF0,0xF0,0x00,0xF0,0xF0,0x00,0xF0,0xF1,0x00,0xE0,0x79,0x00,0xE0,0x79,0x00,0xC0,0x3B,0x00,0xC0,0x3F,0x00,0x80,0x1F,0x00,0x80,0x1F,0x00,0x80,0x1F,0x00,0x00,0x0F,0x00,0x00,0x00,0x00,0x00,0x00,0x00,0x00,0x00,0x00,0x00,0x00,0x00,0x00,0x00,0x00,0x00,0x00,0x00, // Code for char num 118
N   0x00,0x00,0x00,0x00,0x00,0x00,0x00,0x00,0x00,0x00,0x00,0x00,0x00,0x00,0x00,0x00,0x00,0x00,0x00,0x00,0x00,0x00,0x00,0x00,0x0F,0x00,0x0E,0x0F,0x00,0x0F,0x0F,0x0F,0x07,0x0E,0x1F,0x07,0x1E,0x1F,0x07,0x9E,0x1F,0x07,0x9E,0x9F,0x07,0x9E,0xBF,0x03,0xDC,0xBD,0x03,0xDC,0xB9,0x03,0xFC,0xB9,0x03,0xFC,0xB9,0x03,0xFC,0xF8,0x01,0xFC,0xF0,0x01,0xF8,0xF0,0x01,0xF8,0xF0,0x01,0x78,0xF0,0x01,0x00,0x00,0x00,0x00,0x00,0x00,0x00,0x00,0x00,0x00,0x00,0x00,0x00,0x00,0x00,0x00,0x00,0x00, // Code for char num 119
N   0x00,0x00,0x00,0x00,0x00,0x00,0x00,0x00,0x00,0x00,0x00,0x00,0x00,0x00,0x00,0x00,0x00,0x00,0x00,0x00,0x00,0x00,0x00,0x00,0x3E,0xC0,0x03,0x7C,0xE0,0x01,0xF8,0xF0,0x00,0xF0,0xF1,0x00,0xF0,0x79,0x00,0xE0,0x3F,0x00,0xC0,0x3F,0x00,0x80,0x1F,0x00,0x80,0x0F,0x00,0x80,0x1F,0x00,0xC0,0x3F,0x00,0xE0,0x7D,0x00,0xF0,0x79,0x00,0xF0,0xF8,0x00,0x78,0xF0,0x01,0x3C,0xE0,0x03,0x3E,0xC0,0x07,0x00,0x00,0x00,0x00,0x00,0x00,0x00,0x00,0x00,0x00,0x00,0x00,0x00,0x00,0x00,0x00,0x00,0x00, // Code for char num 120
N   0x00,0x00,0x00,0x00,0x00,0x00,0x00,0x00,0x00,0x00,0x00,0x00,0x00,0x00,0x00,0x00,0x00,0x00,0x00,0x00,0x00,0x00,0x00,0x00,0x3E,0x80,0x07,0x3C,0x80,0x03,0x3C,0xC0,0x03,0x78,0xC0,0x01,0x78,0xE0,0x01,0xF8,0xE0,0x01,0xF0,0xF0,0x00,0xF0,0xF1,0x00,0xE0,0x79,0x00,0xE0,0x79,0x00,0xC0,0x3B,0x00,0xC0,0x3F,0x00,0xC0,0x1F,0x00,0x80,0x1F,0x00,0x80,0x1F,0x00,0x00,0x0F,0x00,0x00,0x0F,0x00,0x80,0x07,0x00,0x80,0x07,0x00,0xC0,0x03,0x00,0xC0,0x03,0x00,0xFC,0x01,0x00,0x7C,0x00,0x00, // Code for char num 121
N   0x00,0x00,0x00,0x00,0x00,0x00,0x00,0x00,0x00,0x00,0x00,0x00,0x00,0x00,0x00,0x00,0x00,0x00,0x00,0x00,0x00,0x00,0x00,0x00,0xFC,0xFF,0x03,0xFC,0xFF,0x03,0x00,0xE0,0x03,0x00,0xF0,0x01,0x00,0xF8,0x00,0x00,0x7C,0x00,0x00,0x3E,0x00,0x00,0x1F,0x00,0x00,0x0F,0x00,0x80,0x07,0x00,0xC0,0x07,0x00,0xE0,0x03,0x00,0xF0,0x01,0x00,0xF8,0x00,0x00,0x7C,0x00,0x00,0xFC,0xFF,0x03,0xFC,0xFF,0x03,0x00,0x00,0x00,0x00,0x00,0x00,0x00,0x00,0x00,0x00,0x00,0x00,0x00,0x00,0x00,0x00,0x00,0x00, // Code for char num 122
N   0x00,0xF8,0x01,0x00,0xFE,0x01,0x00,0x1F,0x00,0x00,0x0F,0x00,0x00,0x0F,0x00,0x00,0x0F,0x00,0x00,0x0F,0x00,0x00,0x1F,0x00,0x00,0x1E,0x00,0x00,0x1E,0x00,0x00,0x1E,0x00,0x00,0x1E,0x00,0x00,0x1E,0x00,0x00,0x0F,0x00,0xF0,0x07,0x00,0xF0,0x07,0x00,0x00,0x0F,0x00,0x00,0x1E,0x00,0x00,0x1E,0x00,0x00,0x1E,0x00,0x00,0x1E,0x00,0x00,0x1E,0x00,0x00,0x1F,0x00,0x00,0x0F,0x00,0x00,0x0F,0x00,0x00,0x0F,0x00,0x00,0x0F,0x00,0x00,0x1F,0x00,0x00,0xFE,0x01,0x00,0xF8,0x01,0x00,0x00,0x00, // Code for char num 123
N   0x00,0x07,0x00,0x07,0x00,0x07,0x00,0x07,0x00,0x07,0x00,0x07,0x00,0x07,0x00,0x07,0x00,0x07,0x00,0x07,0x00,0x07,0x00,0x07,0x00,0x07,0x00,0x07,0x00,0x07,0x00,0x07,0x00,0x07,0x00,0x07,0x00,0x07,0x00,0x07,0x00,0x07,0x00,0x07,0x00,0x07,0x00,0x07,0x00,0x07,0x00,0x07,0x00,0x07,0x00,0x07,0x00,0x07,0x00,0x07,0x00,0x00, // Code for char num 124
N   0xF0,0x03,0x00,0xF0,0x0F,0x00,0x00,0x1F,0x00,0x00,0x1E,0x00,0x00,0x1E,0x00,0x00,0x1E,0x00,0x00,0x1E,0x00,0x00,0x1F,0x00,0x00,0x0F,0x00,0x00,0x0F,0x00,0x00,0x0F,0x00,0x00,0x0F,0x00,0x00,0x0F,0x00,0x00,0x1E,0x00,0x00,0xFC,0x01,0x00,0xFC,0x01,0x00,0x1E,0x00,0x00,0x0F,0x00,0x00,0x0F,0x00,0x00,0x0F,0x00,0x00,0x0F,0x00,0x00,0x0F,0x00,0x00,0x1F,0x00,0x00,0x1E,0x00,0x00,0x1E,0x00,0x00,0x1E,0x00,0x00,0x1E,0x00,0x00,0x1F,0x00,0xF0,0x0F,0x00,0xF0,0x03,0x00,0x00,0x00,0x00, // Code for char num 125
N   0x00,0x00,0x00,0x00,0x00,0x00,0x00,0x00,0x00,0x00,0x00,0x00,0x00,0x00,0x00,0x00,0x00,0x00,0x00,0x00,0x00,0x00,0x00,0x00,0x00,0x00,0x00,0x00,0x00,0x00,0x00,0x00,0x00,0x00,0x00,0x00,0x00,0x00,0x00,0xF8,0x00,0x00,0xFC,0x03,0x07,0x9C,0x07,0x07,0x0E,0x0F,0x07,0x0E,0x9E,0x03,0x0E,0xFC,0x03,0x00,0xF0,0x01,0x00,0x00,0x00,0x00,0x00,0x00,0x00,0x00,0x00,0x00,0x00,0x00,0x00,0x00,0x00,0x00,0x00,0x00,0x00,0x00,0x00,0x00,0x00,0x00,0x00,0x00,0x00,0x00,0x00,0x00,0x00,0x00,0x00, // Code for char num 126
N   0x00,0x00,0x00,0x00,0x00,0x00,0x7E,0x66,0x66,0x66,0x66,0x66,0x66,0x66,0x66,0x66,0x66,0x66,0x66,0x66,0x66,0x66,0x66,0x7E,0x00,0x00,0x00,0x00,0x00,0x00,0x00 // Code for char num 127
N        };
